GC Precious Log:
 CPUs: 12 total, 12 available
 Memory: 65404M
 Large Page Support: Disabled
 NUMA Support: Disabled
 Compressed Oops: Enabled (Zero based)
 Heap Region Size: 1M
 Heap Min Capacity: 8M
 Heap Initial Capacity: 1022M
 Heap Max Capacity: 1536M
 Pre-touch: Disabled
 Parallel Workers: 10
 Concurrent Workers: 3
 Concurrent Refinement Workers: 10
 Periodic GC: Disabled
Heap:
 garbage-first heap   total 620544K, used 454563K [0x0000000100000000, 0x0000000160000000)
  region size 1024K, 165 young (168960K), 30 survivors (30720K)
 Metaspace       used 138284K, committed 140480K, reserved 983040K
  class space    used 19059K, committed 20096K, reserved 851968K
GC Heap History (20 events):
Event: 17.906 GC heap before
{Heap before GC invocations=45 (full 0):
 garbage-first heap   total 193536K, used 166673K [0x0000000100000000, 0x0000000160000000)
  region size 1024K, 19 young (19456K), 3 survivors (3072K)
 Metaspace       used 111019K, committed 112384K, reserved 983040K
  class space    used 15543K, committed 16192K, reserved 851968K
}
Event: 17.908 GC heap after
{Heap after GC invocations=46 (full 0):
 garbage-first heap   total 193536K, used 153055K [0x0000000100000000, 0x0000000160000000)
  region size 1024K, 2 young (2048K), 2 survivors (2048K)
 Metaspace       used 111019K, committed 112384K, reserved 983040K
  class space    used 15543K, committed 16192K, reserved 851968K
}
Event: 18.007 GC heap before
{Heap before GC invocations=46 (full 0):
 garbage-first heap   total 193536K, used 168415K [0x0000000100000000, 0x0000000160000000)
  region size 1024K, 17 young (17408K), 2 survivors (2048K)
 Metaspace       used 111436K, committed 112768K, reserved 983040K
  class space    used 15601K, committed 16256K, reserved 851968K
}
Event: 18.009 GC heap after
{Heap after GC invocations=47 (full 0):
 garbage-first heap   total 193536K, used 154724K [0x0000000100000000, 0x0000000160000000)
  region size 1024K, 3 young (3072K), 3 survivors (3072K)
 Metaspace       used 111436K, committed 112768K, reserved 983040K
  class space    used 15601K, committed 16256K, reserved 851968K
}
Event: 18.097 GC heap before
{Heap before GC invocations=47 (full 0):
 garbage-first heap   total 193536K, used 169060K [0x0000000100000000, 0x0000000160000000)
  region size 1024K, 17 young (17408K), 3 survivors (3072K)
 Metaspace       used 111902K, committed 113280K, reserved 983040K
  class space    used 15679K, committed 16384K, reserved 851968K
}
Event: 18.100 GC heap after
{Heap after GC invocations=48 (full 0):
 garbage-first heap   total 193536K, used 156287K [0x0000000100000000, 0x0000000160000000)
  region size 1024K, 2 young (2048K), 2 survivors (2048K)
 Metaspace       used 111902K, committed 113280K, reserved 983040K
  class space    used 15679K, committed 16384K, reserved 851968K
}
Event: 18.173 GC heap before
{Heap before GC invocations=48 (full 0):
 garbage-first heap   total 193536K, used 167551K [0x0000000100000000, 0x0000000160000000)
  region size 1024K, 14 young (14336K), 2 survivors (2048K)
 Metaspace       used 112807K, committed 114176K, reserved 983040K
  class space    used 15781K, committed 16448K, reserved 851968K
}
Event: 18.175 GC heap after
{Heap after GC invocations=49 (full 0):
 garbage-first heap   total 193536K, used 156721K [0x0000000100000000, 0x0000000160000000)
  region size 1024K, 1 young (1024K), 1 survivors (1024K)
 Metaspace       used 112807K, committed 114176K, reserved 983040K
  class space    used 15781K, committed 16448K, reserved 851968K
}
Event: 18.287 GC heap before
{Heap before GC invocations=49 (full 0):
 garbage-first heap   total 193536K, used 169009K [0x0000000100000000, 0x0000000160000000)
  region size 1024K, 14 young (14336K), 1 survivors (1024K)
 Metaspace       used 114001K, committed 115328K, reserved 983040K
  class space    used 15924K, committed 16576K, reserved 851968K
}
Event: 18.289 GC heap after
{Heap after GC invocations=50 (full 0):
 garbage-first heap   total 620544K, used 156774K [0x0000000100000000, 0x0000000160000000)
  region size 1024K, 1 young (1024K), 1 survivors (1024K)
 Metaspace       used 114001K, committed 115328K, reserved 983040K
  class space    used 15924K, committed 16576K, reserved 851968K
}
Event: 21.021 GC heap before
{Heap before GC invocations=50 (full 0):
 garbage-first heap   total 620544K, used 501862K [0x0000000100000000, 0x0000000160000000)
  region size 1024K, 333 young (340992K), 1 survivors (1024K)
 Metaspace       used 124443K, committed 126016K, reserved 983040K
  class space    used 17378K, committed 18112K, reserved 851968K
}
Event: 21.038 GC heap after
{Heap after GC invocations=51 (full 0):
 garbage-first heap   total 620544K, used 197655K [0x0000000100000000, 0x0000000160000000)
  region size 1024K, 36 young (36864K), 36 survivors (36864K)
 Metaspace       used 124443K, committed 126016K, reserved 983040K
  class space    used 17378K, committed 18112K, reserved 851968K
}
Event: 22.464 GC heap before
{Heap before GC invocations=51 (full 0):
 garbage-first heap   total 620544K, used 487447K [0x0000000100000000, 0x0000000160000000)
  region size 1024K, 316 young (323584K), 36 survivors (36864K)
 Metaspace       used 126614K, committed 128320K, reserved 983040K
  class space    used 17624K, committed 18432K, reserved 851968K
}
Event: 22.484 GC heap after
{Heap after GC invocations=52 (full 0):
 garbage-first heap   total 620544K, used 221358K [0x0000000100000000, 0x0000000160000000)
  region size 1024K, 22 young (22528K), 22 survivors (22528K)
 Metaspace       used 126614K, committed 128320K, reserved 983040K
  class space    used 17624K, committed 18432K, reserved 851968K
}
Event: 24.027 GC heap before
{Heap before GC invocations=52 (full 0):
 garbage-first heap   total 620544K, used 501934K [0x0000000100000000, 0x0000000160000000)
  region size 1024K, 288 young (294912K), 22 survivors (22528K)
 Metaspace       used 127471K, committed 129280K, reserved 983040K
  class space    used 17730K, committed 18560K, reserved 851968K
}
Event: 24.041 GC heap after
{Heap after GC invocations=53 (full 0):
 garbage-first heap   total 620544K, used 256862K [0x0000000100000000, 0x0000000160000000)
  region size 1024K, 31 young (31744K), 31 survivors (31744K)
 Metaspace       used 127471K, committed 129280K, reserved 983040K
  class space    used 17730K, committed 18560K, reserved 851968K
}
Event: 27.195 GC heap before
{Heap before GC invocations=53 (full 0):
 garbage-first heap   total 620544K, used 492382K [0x0000000100000000, 0x0000000160000000)
  region size 1024K, 260 young (266240K), 31 survivors (31744K)
 Metaspace       used 129813K, committed 131648K, reserved 983040K
  class space    used 17988K, committed 18816K, reserved 851968K
}
Event: 27.211 GC heap after
{Heap after GC invocations=54 (full 0):
 garbage-first heap   total 620544K, used 282970K [0x0000000100000000, 0x0000000160000000)
  region size 1024K, 26 young (26624K), 26 survivors (26624K)
 Metaspace       used 129813K, committed 131648K, reserved 983040K
  class space    used 17988K, committed 18816K, reserved 851968K
}
Event: 28.938 GC heap before
{Heap before GC invocations=54 (full 0):
 garbage-first heap   total 620544K, used 495962K [0x0000000100000000, 0x0000000160000000)
  region size 1024K, 234 young (239616K), 26 survivors (26624K)
 Metaspace       used 134017K, committed 136000K, reserved 983040K
  class space    used 18565K, committed 19520K, reserved 851968K
}
Event: 28.958 GC heap after
{Heap after GC invocations=55 (full 0):
 garbage-first heap   total 620544K, used 313251K [0x0000000100000000, 0x0000000160000000)
  region size 1024K, 30 young (30720K), 30 survivors (30720K)
 Metaspace       used 134017K, committed 136000K, reserved 983040K
  class space    used 18565K, committed 19520K, reserved 851968K
}

