# JRE version: OpenJDK Runtime Environment Temurin-17.0.17+10 (17.0.17+10) (build 17.0.17+10)
# Java VM: OpenJDK 64-Bit Server VM Temurin-17.0.17+10 (17.0.17+10, mixed mode, sharing, tiered, compressed oops, compressed class ptrs, serial gc, windows-amd64)
GC Precious Log:
 CPUs: 12 total, 12 available
 Memory: 65404M
 Large Page Support: Disabled
 NUMA Support: Disabled
 Compressed Oops: Enabled (32-bit)
 Heap Min Capacity: 8M
 Heap Initial Capacity: 1022M
 Heap Max Capacity: 1536M
 Pre-touch: Disabled
Heap:
 def new generation   total 471872K, used 471871K [0x00000000a0000000, 0x00000000c0000000, 0x00000000c0000000)
  eden space 419456K, 100% used [0x00000000a0000000, 0x00000000b99a0000, 0x00000000b99a0000)
  from space 52416K,  99% used [0x00000000b99a0000, 0x00000000bcccfff8, 0x00000000bccd0000)
  to   space 52416K,   0% used [0x00000000bccd0000, 0x00000000bccd0000, 0x00000000c0000000)
 tenured generation   total 1048576K, used 1048575K [0x00000000c0000000, 0x0000000100000000, 0x0000000100000000)
   the space 1048576K,  99% used [0x00000000c0000000, 0x00000000fffffff8, 0x0000000100000000, 0x0000000100000000)
 Metaspace       used 204887K, committed 207168K, reserved 753664K
  class space    used 28174K, committed 29248K, reserved 425984K
GC Heap History (20 events):
Event: 791.204 GC heap after
{Heap after GC invocations=248 (full 174):
 def new generation   total 471872K, used 70068K [0x00000000a0000000, 0x00000000c0000000, 0x00000000c0000000)
  eden space 419456K,  16% used [0x00000000a0000000, 0x00000000a446d178, 0x00000000b99a0000)
  from space 52416K,   0% used [0x00000000b99a0000, 0x00000000b99a0000, 0x00000000bccd0000)
  to   space 52416K,   0% used [0x00000000bccd0000, 0x00000000bccd0000, 0x00000000c0000000)
 tenured generation   total 1048576K, used 1048575K [0x00000000c0000000, 0x0000000100000000, 0x0000000100000000)
   the space 1048576K,  99% used [0x00000000c0000000, 0x00000000fffffff8, 0x0000000100000000, 0x0000000100000000)
 Metaspace       used 204964K, committed 207168K, reserved 753664K
  class space    used 28195K, committed 29248K, reserved 425984K
}
Event: 791.780 GC heap before
{Heap before GC invocations=248 (full 174):
 def new generation   total 471872K, used 471872K [0x00000000a0000000, 0x00000000c0000000, 0x00000000c0000000)
  eden space 419456K, 100% used [0x00000000a0000000, 0x00000000b99a0000, 0x00000000b99a0000)
  from space 52416K, 100% used [0x00000000b99a0000, 0x00000000bccd0000, 0x00000000bccd0000)
  to   space 52416K,   0% used [0x00000000bccd0000, 0x00000000bccd0000, 0x00000000c0000000)
 tenured generation   total 1048576K, used 1048575K [0x00000000c0000000, 0x0000000100000000, 0x0000000100000000)
   the space 1048576K,  99% used [0x00000000c0000000, 0x00000000fffffff8, 0x0000000100000000, 0x0000000100000000)
 Metaspace       used 204966K, committed 207168K, reserved 753664K
  class space    used 28195K, committed 29248K, reserved 425984K
}
Event: 793.746 GC heap after
{Heap after GC invocations=249 (full 175):
 def new generation   total 471872K, used 70798K [0x00000000a0000000, 0x00000000c0000000, 0x00000000c0000000)
  eden space 419456K,  16% used [0x00000000a0000000, 0x00000000a4523860, 0x00000000b99a0000)
  from space 52416K,   0% used [0x00000000b99a0000, 0x00000000b99a0000, 0x00000000bccd0000)
  to   space 52416K,   0% used [0x00000000bccd0000, 0x00000000bccd0000, 0x00000000c0000000)
 tenured generation   total 1048576K, used 1048575K [0x00000000c0000000, 0x0000000100000000, 0x0000000100000000)
   the space 1048576K,  99% used [0x00000000c0000000, 0x00000000fffffff8, 0x0000000100000000, 0x0000000100000000)
 Metaspace       used 204966K, committed 207168K, reserved 753664K
  class space    used 28195K, committed 29248K, reserved 425984K
}
Event: 794.335 GC heap before
{Heap before GC invocations=249 (full 175):
 def new generation   total 471872K, used 471871K [0x00000000a0000000, 0x00000000c0000000, 0x00000000c0000000)
  eden space 419456K, 100% used [0x00000000a0000000, 0x00000000b99a0000, 0x00000000b99a0000)
  from space 52416K,  99% used [0x00000000b99a0000, 0x00000000bcccfff8, 0x00000000bccd0000)
  to   space 52416K,   0% used [0x00000000bccd0000, 0x00000000bccd0000, 0x00000000c0000000)
 tenured generation   total 1048576K, used 1048575K [0x00000000c0000000, 0x0000000100000000, 0x0000000100000000)
   the space 1048576K,  99% used [0x00000000c0000000, 0x00000000fffffff8, 0x0000000100000000, 0x0000000100000000)
 Metaspace       used 204967K, committed 207168K, reserved 753664K
  class space    used 28195K, committed 29248K, reserved 425984K
}
Event: 796.356 GC heap after
{Heap after GC invocations=250 (full 176):
 def new generation   total 471872K, used 69139K [0x00000000a0000000, 0x00000000c0000000, 0x00000000c0000000)
  eden space 419456K,  16% used [0x00000000a0000000, 0x00000000a4384dd0, 0x00000000b99a0000)
  from space 52416K,   0% used [0x00000000b99a0000, 0x00000000b99a0000, 0x00000000bccd0000)
  to   space 52416K,   0% used [0x00000000bccd0000, 0x00000000bccd0000, 0x00000000c0000000)
 tenured generation   total 1048576K, used 1048576K [0x00000000c0000000, 0x0000000100000000, 0x0000000100000000)
   the space 1048576K, 100% used [0x00000000c0000000, 0x0000000100000000, 0x0000000100000000, 0x0000000100000000)
 Metaspace       used 204967K, committed 207168K, reserved 753664K
  class space    used 28195K, committed 29248K, reserved 425984K
}
Event: 796.970 GC heap before
{Heap before GC invocations=250 (full 176):
 def new generation   total 471872K, used 471871K [0x00000000a0000000, 0x00000000c0000000, 0x00000000c0000000)
  eden space 419456K, 100% used [0x00000000a0000000, 0x00000000b99a0000, 0x00000000b99a0000)
  from space 52416K,  99% used [0x00000000b99a0000, 0x00000000bcccffc8, 0x00000000bccd0000)
  to   space 52416K,   0% used [0x00000000bccd0000, 0x00000000bccd0000, 0x00000000c0000000)
 tenured generation   total 1048576K, used 1048576K [0x00000000c0000000, 0x0000000100000000, 0x0000000100000000)
   the space 1048576K, 100% used [0x00000000c0000000, 0x0000000100000000, 0x0000000100000000, 0x0000000100000000)
 Metaspace       used 204967K, committed 207168K, reserved 753664K
  class space    used 28195K, committed 29248K, reserved 425984K
}
Event: 798.912 GC heap after
{Heap after GC invocations=251 (full 177):
 def new generation   total 471872K, used 70687K [0x00000000a0000000, 0x00000000c0000000, 0x00000000c0000000)
  eden space 419456K,  16% used [0x00000000a0000000, 0x00000000a4507f80, 0x00000000b99a0000)
  from space 52416K,   0% used [0x00000000b99a0000, 0x00000000b99a0000, 0x00000000bccd0000)
  to   space 52416K,   0% used [0x00000000bccd0000, 0x00000000bccd0000, 0x00000000c0000000)
 tenured generation   total 1048576K, used 1048576K [0x00000000c0000000, 0x0000000100000000, 0x0000000100000000)
   the space 1048576K, 100% used [0x00000000c0000000, 0x0000000100000000, 0x0000000100000000, 0x0000000100000000)
 Metaspace       used 204967K, committed 207168K, reserved 753664K
  class space    used 28195K, committed 29248K, reserved 425984K
}
Event: 799.502 GC heap before
{Heap before GC invocations=251 (full 177):
 def new generation   total 471872K, used 471871K [0x00000000a0000000, 0x00000000c0000000, 0x00000000c0000000)
  eden space 419456K, 100% used [0x00000000a0000000, 0x00000000b99a0000, 0x00000000b99a0000)
  from space 52416K,  99% used [0x00000000b99a0000, 0x00000000bcccfff8, 0x00000000bccd0000)
  to   space 52416K,   0% used [0x00000000bccd0000, 0x00000000bccd0000, 0x00000000c0000000)
 tenured generation   total 1048576K, used 1048576K [0x00000000c0000000, 0x0000000100000000, 0x0000000100000000)
   the space 1048576K, 100% used [0x00000000c0000000, 0x0000000100000000, 0x0000000100000000, 0x0000000100000000)
 Metaspace       used 204967K, committed 207168K, reserved 753664K
  class space    used 28195K, committed 29248K, reserved 425984K
}
Event: 801.420 GC heap after
{Heap after GC invocations=252 (full 178):
 def new generation   total 471872K, used 71094K [0x00000000a0000000, 0x00000000c0000000, 0x00000000c0000000)
  eden space 419456K,  16% used [0x00000000a0000000, 0x00000000a456db28, 0x00000000b99a0000)
  from space 52416K,   0% used [0x00000000b99a0000, 0x00000000b99a0000, 0x00000000bccd0000)
  to   space 52416K,   0% used [0x00000000bccd0000, 0x00000000bccd0000, 0x00000000c0000000)
 tenured generation   total 1048576K, used 1048576K [0x00000000c0000000, 0x0000000100000000, 0x0000000100000000)
   the space 1048576K, 100% used [0x00000000c0000000, 0x0000000100000000, 0x0000000100000000, 0x0000000100000000)
 Metaspace       used 204967K, committed 207168K, reserved 753664K
  class space    used 28195K, committed 29248K, reserved 425984K
}
Event: 801.997 GC heap before
{Heap before GC invocations=252 (full 178):
 def new generation   total 471872K, used 471871K [0x00000000a0000000, 0x00000000c0000000, 0x00000000c0000000)
  eden space 419456K, 100% used [0x00000000a0000000, 0x00000000b99a0000, 0x00000000b99a0000)
  from space 52416K,  99% used [0x00000000b99a0000, 0x00000000bcccfff8, 0x00000000bccd0000)
  to   space 52416K,   0% used [0x00000000bccd0000, 0x00000000bccd0000, 0x00000000c0000000)
 tenured generation   total 1048576K, used 1048576K [0x00000000c0000000, 0x0000000100000000, 0x0000000100000000)
   the space 1048576K, 100% used [0x00000000c0000000, 0x0000000100000000, 0x0000000100000000, 0x0000000100000000)
 Metaspace       used 204968K, committed 207168K, reserved 753664K
  class space    used 28195K, committed 29248K, reserved 425984K
}
Event: 803.934 GC heap after
{Heap after GC invocations=253 (full 179):
 def new generation   total 471872K, used 74952K [0x00000000a0000000, 0x00000000c0000000, 0x00000000c0000000)
  eden space 419456K,  17% used [0x00000000a0000000, 0x00000000a4932380, 0x00000000b99a0000)
  from space 52416K,   0% used [0x00000000b99a0000, 0x00000000b99a0000, 0x00000000bccd0000)
  to   space 52416K,   0% used [0x00000000bccd0000, 0x00000000bccd0000, 0x00000000c0000000)
 tenured generation   total 1048576K, used 1048576K [0x00000000c0000000, 0x0000000100000000, 0x0000000100000000)
   the space 1048576K, 100% used [0x00000000c0000000, 0x0000000100000000, 0x0000000100000000, 0x0000000100000000)
 Metaspace       used 204942K, committed 207168K, reserved 753664K
  class space    used 28189K, committed 29248K, reserved 425984K
}
Event: 804.587 GC heap before
{Heap before GC invocations=253 (full 179):
 def new generation   total 471872K, used 471871K [0x00000000a0000000, 0x00000000c0000000, 0x00000000c0000000)
  eden space 419456K, 100% used [0x00000000a0000000, 0x00000000b99a0000, 0x00000000b99a0000)
  from space 52416K,  99% used [0x00000000b99a0000, 0x00000000bcccfff8, 0x00000000bccd0000)
  to   space 52416K,   0% used [0x00000000bccd0000, 0x00000000bccd0000, 0x00000000c0000000)
 tenured generation   total 1048576K, used 1048576K [0x00000000c0000000, 0x0000000100000000, 0x0000000100000000)
   the space 1048576K, 100% used [0x00000000c0000000, 0x0000000100000000, 0x0000000100000000, 0x0000000100000000)
 Metaspace       used 204950K, committed 207168K, reserved 753664K
  class space    used 28189K, committed 29248K, reserved 425984K
}
Event: 806.801 GC heap after
{Heap after GC invocations=254 (full 180):
 def new generation   total 471872K, used 83695K [0x00000000a0000000, 0x00000000c0000000, 0x00000000c0000000)
  eden space 419456K,  19% used [0x00000000a0000000, 0x00000000a51bbdb0, 0x00000000b99a0000)
  from space 52416K,   0% used [0x00000000b99a0000, 0x00000000b99a0000, 0x00000000bccd0000)
  to   space 52416K,   0% used [0x00000000bccd0000, 0x00000000bccd0000, 0x00000000c0000000)
 tenured generation   total 1048576K, used 1048575K [0x00000000c0000000, 0x0000000100000000, 0x0000000100000000)
   the space 1048576K,  99% used [0x00000000c0000000, 0x00000000ffffffe0, 0x0000000100000000, 0x0000000100000000)
 Metaspace       used 204937K, committed 207168K, reserved 753664K
  class space    used 28186K, committed 29248K, reserved 425984K
}
Event: 807.466 GC heap before
{Heap before GC invocations=254 (full 180):
 def new generation   total 471872K, used 471871K [0x00000000a0000000, 0x00000000c0000000, 0x00000000c0000000)
  eden space 419456K, 100% used [0x00000000a0000000, 0x00000000b99a0000, 0x00000000b99a0000)
  from space 52416K,  99% used [0x00000000b99a0000, 0x00000000bcccffe8, 0x00000000bccd0000)
  to   space 52416K,   0% used [0x00000000bccd0000, 0x00000000bccd0000, 0x00000000c0000000)
 tenured generation   total 1048576K, used 1048575K [0x00000000c0000000, 0x0000000100000000, 0x0000000100000000)
   the space 1048576K,  99% used [0x00000000c0000000, 0x00000000ffffffe0, 0x0000000100000000, 0x0000000100000000)
 Metaspace       used 204938K, committed 207168K, reserved 753664K
  class space    used 28186K, committed 29248K, reserved 425984K
}
Event: 809.412 GC heap after
{Heap after GC invocations=255 (full 181):
 def new generation   total 471872K, used 71637K [0x00000000a0000000, 0x00000000c0000000, 0x00000000c0000000)
  eden space 419456K,  17% used [0x00000000a0000000, 0x00000000a45f5490, 0x00000000b99a0000)
  from space 52416K,   0% used [0x00000000b99a0000, 0x00000000b99a0000, 0x00000000bccd0000)
  to   space 52416K,   0% used [0x00000000bccd0000, 0x00000000bccd0000, 0x00000000c0000000)
 tenured generation   total 1048576K, used 1048575K [0x00000000c0000000, 0x0000000100000000, 0x0000000100000000)
   the space 1048576K,  99% used [0x00000000c0000000, 0x00000000ffffffe0, 0x0000000100000000, 0x0000000100000000)
 Metaspace       used 204885K, committed 207168K, reserved 753664K
  class space    used 28174K, committed 29248K, reserved 425984K
}
Event: 810.029 GC heap before
{Heap before GC invocations=255 (full 181):
 def new generation   total 471872K, used 471872K [0x00000000a0000000, 0x00000000c0000000, 0x00000000c0000000)
  eden space 419456K, 100% used [0x00000000a0000000, 0x00000000b99a0000, 0x00000000b99a0000)
  from space 52416K, 100% used [0x00000000b99a0000, 0x00000000bccd0000, 0x00000000bccd0000)
  to   space 52416K,   0% used [0x00000000bccd0000, 0x00000000bccd0000, 0x00000000c0000000)
 tenured generation   total 1048576K, used 1048575K [0x00000000c0000000, 0x0000000100000000, 0x0000000100000000)
   the space 1048576K,  99% used [0x00000000c0000000, 0x00000000fffffff8, 0x0000000100000000, 0x0000000100000000)
 Metaspace       used 204886K, committed 207168K, reserved 753664K
  class space    used 28174K, committed 29248K, reserved 425984K
}
Event: 811.946 GC heap after
{Heap after GC invocations=256 (full 182):
 def new generation   total 471872K, used 74173K [0x00000000a0000000, 0x00000000c0000000, 0x00000000c0000000)
  eden space 419456K,  17% used [0x00000000a0000000, 0x00000000a486f4e0, 0x00000000b99a0000)
  from space 52416K,   0% used [0x00000000b99a0000, 0x00000000b99a0000, 0x00000000bccd0000)
  to   space 52416K,   0% used [0x00000000bccd0000, 0x00000000bccd0000, 0x00000000c0000000)
 tenured generation   total 1048576K, used 1048575K [0x00000000c0000000, 0x0000000100000000, 0x0000000100000000)
   the space 1048576K,  99% used [0x00000000c0000000, 0x00000000fffffff8, 0x0000000100000000, 0x0000000100000000)
 Metaspace       used 204886K, committed 207168K, reserved 753664K
  class space    used 28174K, committed 29248K, reserved 425984K
}
Event: 812.576 GC heap before
{Heap before GC invocations=256 (full 182):
 def new generation   total 471872K, used 471871K [0x00000000a0000000, 0x00000000c0000000, 0x00000000c0000000)
  eden space 419456K, 100% used [0x00000000a0000000, 0x00000000b99a0000, 0x00000000b99a0000)
  from space 52416K,  99% used [0x00000000b99a0000, 0x00000000bcccff90, 0x00000000bccd0000)
  to   space 52416K,   0% used [0x00000000bccd0000, 0x00000000bccd0000, 0x00000000c0000000)
 tenured generation   total 1048576K, used 1048575K [0x00000000c0000000, 0x0000000100000000, 0x0000000100000000)
   the space 1048576K,  99% used [0x00000000c0000000, 0x00000000fffffff8, 0x0000000100000000, 0x0000000100000000)
 Metaspace       used 204886K, committed 207168K, reserved 753664K
  class space    used 28174K, committed 29248K, reserved 425984K
}
Event: 814.468 GC heap after
{Heap after GC invocations=257 (full 183):
 def new generation   total 471872K, used 74180K [0x00000000a0000000, 0x00000000c0000000, 0x00000000c0000000)
  eden space 419456K,  17% used [0x00000000a0000000, 0x00000000a4871338, 0x00000000b99a0000)
  from space 52416K,   0% used [0x00000000b99a0000, 0x00000000b99a0000, 0x00000000bccd0000)
  to   space 52416K,   0% used [0x00000000bccd0000, 0x00000000bccd0000, 0x00000000c0000000)
 tenured generation   total 1048576K, used 1048575K [0x00000000c0000000, 0x0000000100000000, 0x0000000100000000)
   the space 1048576K,  99% used [0x00000000c0000000, 0x00000000fffffff8, 0x0000000100000000, 0x0000000100000000)
 Metaspace       used 204886K, committed 207168K, reserved 753664K
  class space    used 28174K, committed 29248K, reserved 425984K
}
Event: 815.057 GC heap before
{Heap before GC invocations=257 (full 183):
 def new generation   total 471872K, used 471871K [0x00000000a0000000, 0x00000000c0000000, 0x00000000c0000000)
  eden space 419456K, 100% used [0x00000000a0000000, 0x00000000b99a0000, 0x00000000b99a0000)
  from space 52416K,  99% used [0x00000000b99a0000, 0x00000000bcccfff8, 0x00000000bccd0000)
  to   space 52416K,   0% used [0x00000000bccd0000, 0x00000000bccd0000, 0x00000000c0000000)
 tenured generation   total 1048576K, used 1048575K [0x00000000c0000000, 0x0000000100000000, 0x0000000100000000)
   the space 1048576K,  99% used [0x00000000c0000000, 0x00000000fffffff8, 0x0000000100000000, 0x0000000100000000)
 Metaspace       used 204887K, committed 207168K, reserved 753664K
  class space    used 28174K, committed 29248K, reserved 425984K
}

