# JRE version: OpenJDK Runtime Environment Temurin-17.0.17+10 (17.0.17+10) (build 17.0.17+10)
# Java VM: OpenJDK 64-Bit Server VM Temurin-17.0.17+10 (17.0.17+10, mixed mode, sharing, tiered, compressed oops, compressed class ptrs, serial gc, windows-amd64)
GC Precious Log:
 CPUs: 12 total, 12 available
 Memory: 65404M
 Large Page Support: Disabled
 NUMA Support: Disabled
 Compressed Oops: Enabled (32-bit)
 Heap Min Capacity: 8M
 Heap Initial Capacity: 1022M
 Heap Max Capacity: 1536M
 Pre-touch: Disabled
Heap:
 def new generation   total 314304K, used 268801K [0x00000000a0000000, 0x00000000b5500000, 0x00000000c0000000)
  eden space 279424K,  83% used [0x00000000a0000000, 0x00000000ae470598, 0x00000000b10e0000)
  from space 34880K,  99% used [0x00000000b10e0000, 0x00000000b32efff8, 0x00000000b32f0000)
  to   space 34880K,   0% used [0x00000000b32f0000, 0x00000000b32f0000, 0x00000000b5500000)
 tenured generation   total 697728K, used 224069K [0x00000000c0000000, 0x00000000ea960000, 0x0000000100000000)
   the space 697728K,  32% used [0x00000000c0000000, 0x00000000cdad1610, 0x00000000cdad1800, 0x00000000ea960000)
 Metaspace       used 131641K, committed 133696K, reserved 557056K
  class space    used 18256K, committed 19200K, reserved 425984K
GC Heap History (20 events):
Event: 9.029 GC heap before
{Heap before GC invocations=5 (full 3):
 def new generation   total 314176K, used 279296K [0x00000000a0000000, 0x00000000b54e0000, 0x00000000c0000000)
  eden space 279296K, 100% used [0x00000000a0000000, 0x00000000b10c0000, 0x00000000b10c0000)
  from space 34880K,   0% used [0x00000000b10c0000, 0x00000000b10c0000, 0x00000000b32d0000)
  to   space 34880K,   0% used [0x00000000b32d0000, 0x00000000b32d0000, 0x00000000b54e0000)
 tenured generation   total 697728K, used 50200K [0x00000000c0000000, 0x00000000ea960000, 0x0000000100000000)
   the space 697728K,   7% used [0x00000000c0000000, 0x00000000c3106048, 0x00000000c3106200, 0x00000000ea960000)
 Metaspace       used 73670K, committed 74624K, reserved 491520K
  class space    used 10320K, committed 10752K, reserved 425984K
}
Event: 9.064 GC heap after
{Heap after GC invocations=6 (full 3):
 def new generation   total 314176K, used 13766K [0x00000000a0000000, 0x00000000b54e0000, 0x00000000c0000000)
  eden space 279296K,   0% used [0x00000000a0000000, 0x00000000a0000000, 0x00000000b10c0000)
  from space 34880K,  39% used [0x00000000b32d0000, 0x00000000b4041a90, 0x00000000b54e0000)
  to   space 34880K,   0% used [0x00000000b10c0000, 0x00000000b10c0000, 0x00000000b32d0000)
 tenured generation   total 697728K, used 50200K [0x00000000c0000000, 0x00000000ea960000, 0x0000000100000000)
   the space 697728K,   7% used [0x00000000c0000000, 0x00000000c3106048, 0x00000000c3106200, 0x00000000ea960000)
 Metaspace       used 73670K, committed 74624K, reserved 491520K
  class space    used 10320K, committed 10752K, reserved 425984K
}
Event: 12.538 GC heap before
{Heap before GC invocations=6 (full 3):
 def new generation   total 314176K, used 293062K [0x00000000a0000000, 0x00000000b54e0000, 0x00000000c0000000)
  eden space 279296K, 100% used [0x00000000a0000000, 0x00000000b10c0000, 0x00000000b10c0000)
  from space 34880K,  39% used [0x00000000b32d0000, 0x00000000b4041a90, 0x00000000b54e0000)
  to   space 34880K,   0% used [0x00000000b10c0000, 0x00000000b10c0000, 0x00000000b32d0000)
 tenured generation   total 697728K, used 50200K [0x00000000c0000000, 0x00000000ea960000, 0x0000000100000000)
   the space 697728K,   7% used [0x00000000c0000000, 0x00000000c3106048, 0x00000000c3106200, 0x00000000ea960000)
 Metaspace       used 82027K, committed 83072K, reserved 557056K
  class space    used 11448K, committed 11968K, reserved 425984K
}
Event: 12.605 GC heap after
{Heap after GC invocations=7 (full 3):
 def new generation   total 314176K, used 32289K [0x00000000a0000000, 0x00000000b54e0000, 0x00000000c0000000)
  eden space 279296K,   0% used [0x00000000a0000000, 0x00000000a0000000, 0x00000000b10c0000)
  from space 34880K,  92% used [0x00000000b10c0000, 0x00000000b3048438, 0x00000000b32d0000)
  to   space 34880K,   0% used [0x00000000b32d0000, 0x00000000b32d0000, 0x00000000b54e0000)
 tenured generation   total 697728K, used 50200K [0x00000000c0000000, 0x00000000ea960000, 0x0000000100000000)
   the space 697728K,   7% used [0x00000000c0000000, 0x00000000c3106048, 0x00000000c3106200, 0x00000000ea960000)
 Metaspace       used 82027K, committed 83072K, reserved 557056K
  class space    used 11448K, committed 11968K, reserved 425984K
}
Event: 14.854 GC heap before
{Heap before GC invocations=7 (full 3):
 def new generation   total 314176K, used 311585K [0x00000000a0000000, 0x00000000b54e0000, 0x00000000c0000000)
  eden space 279296K, 100% used [0x00000000a0000000, 0x00000000b10c0000, 0x00000000b10c0000)
  from space 34880K,  92% used [0x00000000b10c0000, 0x00000000b3048438, 0x00000000b32d0000)
  to   space 34880K,   0% used [0x00000000b32d0000, 0x00000000b32d0000, 0x00000000b54e0000)
 tenured generation   total 697728K, used 50200K [0x00000000c0000000, 0x00000000ea960000, 0x0000000100000000)
   the space 697728K,   7% used [0x00000000c0000000, 0x00000000c3106048, 0x00000000c3106200, 0x00000000ea960000)
 Metaspace       used 89978K, committed 91072K, reserved 557056K
  class space    used 12401K, committed 12928K, reserved 425984K
}
Event: 14.922 GC heap after
{Heap after GC invocations=8 (full 3):
 def new generation   total 314176K, used 22743K [0x00000000a0000000, 0x00000000b54e0000, 0x00000000c0000000)
  eden space 279296K,   0% used [0x00000000a0000000, 0x00000000a0000000, 0x00000000b10c0000)
  from space 34880K,  65% used [0x00000000b32d0000, 0x00000000b4905db8, 0x00000000b54e0000)
  to   space 34880K,   0% used [0x00000000b10c0000, 0x00000000b10c0000, 0x00000000b32d0000)
 tenured generation   total 697728K, used 80068K [0x00000000c0000000, 0x00000000ea960000, 0x0000000100000000)
   the space 697728K,  11% used [0x00000000c0000000, 0x00000000c4e312c8, 0x00000000c4e31400, 0x00000000ea960000)
 Metaspace       used 89978K, committed 91072K, reserved 557056K
  class space    used 12401K, committed 12928K, reserved 425984K
}
Event: 16.561 GC heap before
{Heap before GC invocations=8 (full 3):
 def new generation   total 314176K, used 183173K [0x00000000a0000000, 0x00000000b54e0000, 0x00000000c0000000)
  eden space 279296K,  57% used [0x00000000a0000000, 0x00000000a9cab750, 0x00000000b10c0000)
  from space 34880K,  65% used [0x00000000b32d0000, 0x00000000b4905db8, 0x00000000b54e0000)
  to   space 34880K,   0% used [0x00000000b10c0000, 0x00000000b10c0000, 0x00000000b32d0000)
 tenured generation   total 697728K, used 80068K [0x00000000c0000000, 0x00000000ea960000, 0x0000000100000000)
   the space 697728K,  11% used [0x00000000c0000000, 0x00000000c4e312c8, 0x00000000c4e31400, 0x00000000ea960000)
 Metaspace       used 98568K, committed 99648K, reserved 557056K
  class space    used 13611K, committed 14144K, reserved 425984K
}
Event: 16.762 GC heap after
{Heap after GC invocations=9 (full 4):
 def new generation   total 314304K, used 0K [0x00000000a0000000, 0x00000000b5500000, 0x00000000c0000000)
  eden space 279424K,   0% used [0x00000000a0000000, 0x00000000a0000000, 0x00000000b10e0000)
  from space 34880K,   0% used [0x00000000b10e0000, 0x00000000b10e0000, 0x00000000b32f0000)
  to   space 34880K,   0% used [0x00000000b32f0000, 0x00000000b32f0000, 0x00000000b5500000)
 tenured generation   total 697728K, used 106949K [0x00000000c0000000, 0x00000000ea960000, 0x0000000100000000)
   the space 697728K,  15% used [0x00000000c0000000, 0x00000000c68716c8, 0x00000000c6871800, 0x00000000ea960000)
 Metaspace       used 98568K, committed 99648K, reserved 557056K
  class space    used 13611K, committed 14144K, reserved 425984K
}
Event: 18.736 GC heap before
{Heap before GC invocations=9 (full 4):
 def new generation   total 314304K, used 279424K [0x00000000a0000000, 0x00000000b5500000, 0x00000000c0000000)
  eden space 279424K, 100% used [0x00000000a0000000, 0x00000000b10e0000, 0x00000000b10e0000)
  from space 34880K,   0% used [0x00000000b10e0000, 0x00000000b10e0000, 0x00000000b32f0000)
  to   space 34880K,   0% used [0x00000000b32f0000, 0x00000000b32f0000, 0x00000000b5500000)
 tenured generation   total 697728K, used 106949K [0x00000000c0000000, 0x00000000ea960000, 0x0000000100000000)
   the space 697728K,  15% used [0x00000000c0000000, 0x00000000c68716c8, 0x00000000c6871800, 0x00000000ea960000)
 Metaspace       used 111736K, committed 113088K, reserved 557056K
  class space    used 15548K, committed 16256K, reserved 425984K
}
Event: 18.772 GC heap after
{Heap after GC invocations=10 (full 4):
 def new generation   total 314304K, used 12972K [0x00000000a0000000, 0x00000000b5500000, 0x00000000c0000000)
  eden space 279424K,   0% used [0x00000000a0000000, 0x00000000a0000000, 0x00000000b10e0000)
  from space 34880K,  37% used [0x00000000b32f0000, 0x00000000b3f9b330, 0x00000000b5500000)
  to   space 34880K,   0% used [0x00000000b10e0000, 0x00000000b10e0000, 0x00000000b32f0000)
 tenured generation   total 697728K, used 106949K [0x00000000c0000000, 0x00000000ea960000, 0x0000000100000000)
   the space 697728K,  15% used [0x00000000c0000000, 0x00000000c68716c8, 0x00000000c6871800, 0x00000000ea960000)
 Metaspace       used 111736K, committed 113088K, reserved 557056K
  class space    used 15548K, committed 16256K, reserved 425984K
}
Event: 21.172 GC heap before
{Heap before GC invocations=10 (full 4):
 def new generation   total 314304K, used 292396K [0x00000000a0000000, 0x00000000b5500000, 0x00000000c0000000)
  eden space 279424K, 100% used [0x00000000a0000000, 0x00000000b10e0000, 0x00000000b10e0000)
  from space 34880K,  37% used [0x00000000b32f0000, 0x00000000b3f9b330, 0x00000000b5500000)
  to   space 34880K,   0% used [0x00000000b10e0000, 0x00000000b10e0000, 0x00000000b32f0000)
 tenured generation   total 697728K, used 106949K [0x00000000c0000000, 0x00000000ea960000, 0x0000000100000000)
   the space 697728K,  15% used [0x00000000c0000000, 0x00000000c68716c8, 0x00000000c6871800, 0x00000000ea960000)
 Metaspace       used 115211K, committed 116736K, reserved 557056K
  class space    used 16087K, committed 16832K, reserved 425984K
}
Event: 21.251 GC heap after
{Heap after GC invocations=11 (full 4):
 def new generation   total 314304K, used 34879K [0x00000000a0000000, 0x00000000b5500000, 0x00000000c0000000)
  eden space 279424K,   0% used [0x00000000a0000000, 0x00000000a0000000, 0x00000000b10e0000)
  from space 34880K,  99% used [0x00000000b10e0000, 0x00000000b32efff8, 0x00000000b32f0000)
  to   space 34880K,   0% used [0x00000000b32f0000, 0x00000000b32f0000, 0x00000000b5500000)
 tenured generation   total 697728K, used 116513K [0x00000000c0000000, 0x00000000ea960000, 0x0000000100000000)
   the space 697728K,  16% used [0x00000000c0000000, 0x00000000c71c8548, 0x00000000c71c8600, 0x00000000ea960000)
 Metaspace       used 115211K, committed 116736K, reserved 557056K
  class space    used 16087K, committed 16832K, reserved 425984K
}
Event: 24.419 GC heap before
{Heap before GC invocations=11 (full 4):
 def new generation   total 314304K, used 314303K [0x00000000a0000000, 0x00000000b5500000, 0x00000000c0000000)
  eden space 279424K, 100% used [0x00000000a0000000, 0x00000000b10e0000, 0x00000000b10e0000)
  from space 34880K,  99% used [0x00000000b10e0000, 0x00000000b32efff8, 0x00000000b32f0000)
  to   space 34880K,   0% used [0x00000000b32f0000, 0x00000000b32f0000, 0x00000000b5500000)
 tenured generation   total 697728K, used 116513K [0x00000000c0000000, 0x00000000ea960000, 0x0000000100000000)
   the space 697728K,  16% used [0x00000000c0000000, 0x00000000c71c8548, 0x00000000c71c8600, 0x00000000ea960000)
 Metaspace       used 116832K, committed 118528K, reserved 557056K
  class space    used 16321K, committed 17152K, reserved 425984K
}
Event: 24.506 GC heap after
{Heap after GC invocations=12 (full 4):
 def new generation   total 314304K, used 28904K [0x00000000a0000000, 0x00000000b5500000, 0x00000000c0000000)
  eden space 279424K,   0% used [0x00000000a0000000, 0x00000000a0000000, 0x00000000b10e0000)
  from space 34880K,  82% used [0x00000000b32f0000, 0x00000000b4f2a110, 0x00000000b5500000)
  to   space 34880K,   0% used [0x00000000b10e0000, 0x00000000b10e0000, 0x00000000b32f0000)
 tenured generation   total 697728K, used 149294K [0x00000000c0000000, 0x00000000ea960000, 0x0000000100000000)
   the space 697728K,  21% used [0x00000000c0000000, 0x00000000c91cb8e0, 0x00000000c91cba00, 0x00000000ea960000)
 Metaspace       used 116832K, committed 118528K, reserved 557056K
  class space    used 16321K, committed 17152K, reserved 425984K
}
Event: 26.577 GC heap before
{Heap before GC invocations=12 (full 4):
 def new generation   total 314304K, used 308328K [0x00000000a0000000, 0x00000000b5500000, 0x00000000c0000000)
  eden space 279424K, 100% used [0x00000000a0000000, 0x00000000b10e0000, 0x00000000b10e0000)
  from space 34880K,  82% used [0x00000000b32f0000, 0x00000000b4f2a110, 0x00000000b5500000)
  to   space 34880K,   0% used [0x00000000b10e0000, 0x00000000b10e0000, 0x00000000b32f0000)
 tenured generation   total 697728K, used 149294K [0x00000000c0000000, 0x00000000ea960000, 0x0000000100000000)
   the space 697728K,  21% used [0x00000000c0000000, 0x00000000c91cb8e0, 0x00000000c91cba00, 0x00000000ea960000)
 Metaspace       used 117832K, committed 119680K, reserved 557056K
  class space    used 16449K, committed 17344K, reserved 425984K
}
Event: 26.643 GC heap after
{Heap after GC invocations=13 (full 4):
 def new generation   total 314304K, used 23671K [0x00000000a0000000, 0x00000000b5500000, 0x00000000c0000000)
  eden space 279424K,   0% used [0x00000000a0000000, 0x00000000a0000000, 0x00000000b10e0000)
  from space 34880K,  67% used [0x00000000b10e0000, 0x00000000b27fdfe8, 0x00000000b32f0000)
  to   space 34880K,   0% used [0x00000000b32f0000, 0x00000000b32f0000, 0x00000000b5500000)
 tenured generation   total 697728K, used 176123K [0x00000000c0000000, 0x00000000ea960000, 0x0000000100000000)
   the space 697728K,  25% used [0x00000000c0000000, 0x00000000cabfee10, 0x00000000cabff000, 0x00000000ea960000)
 Metaspace       used 117832K, committed 119680K, reserved 557056K
  class space    used 16449K, committed 17344K, reserved 425984K
}
Event: 28.915 GC heap before
{Heap before GC invocations=13 (full 4):
 def new generation   total 314304K, used 303095K [0x00000000a0000000, 0x00000000b5500000, 0x00000000c0000000)
  eden space 279424K, 100% used [0x00000000a0000000, 0x00000000b10e0000, 0x00000000b10e0000)
  from space 34880K,  67% used [0x00000000b10e0000, 0x00000000b27fdfe8, 0x00000000b32f0000)
  to   space 34880K,   0% used [0x00000000b32f0000, 0x00000000b32f0000, 0x00000000b5500000)
 tenured generation   total 697728K, used 176123K [0x00000000c0000000, 0x00000000ea960000, 0x0000000100000000)
   the space 697728K,  25% used [0x00000000c0000000, 0x00000000cabfee10, 0x00000000cabff000, 0x00000000ea960000)
 Metaspace       used 119037K, committed 120960K, reserved 557056K
  class space    used 16611K, committed 17536K, reserved 425984K
}
Event: 28.987 GC heap after
{Heap after GC invocations=14 (full 4):
 def new generation   total 314304K, used 25691K [0x00000000a0000000, 0x00000000b5500000, 0x00000000c0000000)
  eden space 279424K,   0% used [0x00000000a0000000, 0x00000000a0000000, 0x00000000b10e0000)
  from space 34880K,  73% used [0x00000000b32f0000, 0x00000000b4c06c58, 0x00000000b5500000)
  to   space 34880K,   0% used [0x00000000b10e0000, 0x00000000b10e0000, 0x00000000b32f0000)
 tenured generation   total 697728K, used 197625K [0x00000000c0000000, 0x00000000ea960000, 0x0000000100000000)
   the space 697728K,  28% used [0x00000000c0000000, 0x00000000cc0fe7e8, 0x00000000cc0fe800, 0x00000000ea960000)
 Metaspace       used 119037K, committed 120960K, reserved 557056K
  class space    used 16611K, committed 17536K, reserved 425984K
}
Event: 30.932 GC heap before
{Heap before GC invocations=14 (full 4):
 def new generation   total 314304K, used 305115K [0x00000000a0000000, 0x00000000b5500000, 0x00000000c0000000)
  eden space 279424K, 100% used [0x00000000a0000000, 0x00000000b10e0000, 0x00000000b10e0000)
  from space 34880K,  73% used [0x00000000b32f0000, 0x00000000b4c06c58, 0x00000000b5500000)
  to   space 34880K,   0% used [0x00000000b10e0000, 0x00000000b10e0000, 0x00000000b32f0000)
 tenured generation   total 697728K, used 197625K [0x00000000c0000000, 0x00000000ea960000, 0x0000000100000000)
   the space 697728K,  28% used [0x00000000c0000000, 0x00000000cc0fe7e8, 0x00000000cc0fe800, 0x00000000ea960000)
 Metaspace       used 128475K, committed 130496K, reserved 557056K
  class space    used 17810K, committed 18752K, reserved 425984K
}
Event: 31.055 GC heap after
{Heap after GC invocations=15 (full 4):
 def new generation   total 314304K, used 34879K [0x00000000a0000000, 0x00000000b5500000, 0x00000000c0000000)
  eden space 279424K,   0% used [0x00000000a0000000, 0x00000000a0000000, 0x00000000b10e0000)
  from space 34880K,  99% used [0x00000000b10e0000, 0x00000000b32efff8, 0x00000000b32f0000)
  to   space 34880K,   0% used [0x00000000b32f0000, 0x00000000b32f0000, 0x00000000b5500000)
 tenured generation   total 697728K, used 224069K [0x00000000c0000000, 0x00000000ea960000, 0x0000000100000000)
   the space 697728K,  32% used [0x00000000c0000000, 0x00000000cdad1610, 0x00000000cdad1800, 0x00000000ea960000)
 Metaspace       used 128475K, committed 130496K, reserved 557056K
  class space    used 17810K, committed 18752K, reserved 425984K
}

