# JRE version: OpenJDK Runtime Environment Temurin-17.0.17+10 (17.0.17+10) (build 17.0.17+10)
# Java VM: OpenJDK 64-Bit Server VM Temurin-17.0.17+10 (17.0.17+10, mixed mode, sharing, tiered, compressed oops, compressed class ptrs, serial gc, windows-amd64)
GC Precious Log:
 CPUs: 12 total, 12 available
 Memory: 65404M
 Large Page Support: Disabled
 NUMA Support: Disabled
 Compressed Oops: Enabled (32-bit)
 Heap Min Capacity: 8M
 Heap Initial Capacity: 1022M
 Heap Max Capacity: 1536M
 Pre-touch: Disabled
Heap:
 def new generation   total 324288K, used 107828K [0x00000000a0000000, 0x00000000b5fd0000, 0x00000000c0000000)
  eden space 288320K,  28% used [0x00000000a0000000, 0x00000000a509da18, 0x00000000b1990000)
  from space 35968K,  70% used [0x00000000b1990000, 0x00000000b323f798, 0x00000000b3cb0000)
  to   space 35968K,   0% used [0x00000000b3cb0000, 0x00000000b3cb0000, 0x00000000b5fd0000)
 tenured generation   total 719860K, used 655107K [0x00000000c0000000, 0x00000000ebefd000, 0x0000000100000000)
   the space 719860K,  91% used [0x00000000c0000000, 0x00000000e7fc0cd0, 0x00000000e7fc0e00, 0x00000000ebefd000)
 Metaspace       used 410473K, committed 413312K, reserved 884736K
  class space    used 48650K, committed 49920K, reserved 425984K
GC Heap History (20 events):
Event: 506.445 GC heap before
{Heap before GC invocations=41 (full 7):
 def new generation   total 324288K, used 312892K [0x00000000a0000000, 0x00000000b5fd0000, 0x00000000c0000000)
  eden space 288320K, 100% used [0x00000000a0000000, 0x00000000b1990000, 0x00000000b1990000)
  from space 35968K,  68% used [0x00000000b1990000, 0x00000000b318f3d0, 0x00000000b3cb0000)
  to   space 35968K,   0% used [0x00000000b3cb0000, 0x00000000b3cb0000, 0x00000000b5fd0000)
 tenured generation   total 719860K, used 462312K [0x00000000c0000000, 0x00000000ebefd000, 0x0000000100000000)
   the space 719860K,  64% used [0x00000000c0000000, 0x00000000dc37a230, 0x00000000dc37a400, 0x00000000ebefd000)
 Metaspace       used 371928K, committed 374656K, reserved 884736K
  class space    used 45439K, committed 46656K, reserved 425984K
}
Event: 506.575 GC heap after
{Heap after GC invocations=42 (full 7):
 def new generation   total 324288K, used 35968K [0x00000000a0000000, 0x00000000b5fd0000, 0x00000000c0000000)
  eden space 288320K,   0% used [0x00000000a0000000, 0x00000000a0000000, 0x00000000b1990000)
  from space 35968K, 100% used [0x00000000b3cb0000, 0x00000000b5fd0000, 0x00000000b5fd0000)
  to   space 35968K,   0% used [0x00000000b1990000, 0x00000000b1990000, 0x00000000b3cb0000)
 tenured generation   total 719860K, used 498451K [0x00000000c0000000, 0x00000000ebefd000, 0x0000000100000000)
   the space 719860K,  69% used [0x00000000c0000000, 0x00000000de6c4e58, 0x00000000de6c5000, 0x00000000ebefd000)
 Metaspace       used 371928K, committed 374656K, reserved 884736K
  class space    used 45439K, committed 46656K, reserved 425984K
}
Event: 508.475 GC heap before
{Heap before GC invocations=42 (full 7):
 def new generation   total 324288K, used 324288K [0x00000000a0000000, 0x00000000b5fd0000, 0x00000000c0000000)
  eden space 288320K, 100% used [0x00000000a0000000, 0x00000000b1990000, 0x00000000b1990000)
  from space 35968K, 100% used [0x00000000b3cb0000, 0x00000000b5fd0000, 0x00000000b5fd0000)
  to   space 35968K,   0% used [0x00000000b1990000, 0x00000000b1990000, 0x00000000b3cb0000)
 tenured generation   total 719860K, used 498451K [0x00000000c0000000, 0x00000000ebefd000, 0x0000000100000000)
   the space 719860K,  69% used [0x00000000c0000000, 0x00000000de6c4e58, 0x00000000de6c5000, 0x00000000ebefd000)
 Metaspace       used 373119K, committed 375872K, reserved 884736K
  class space    used 45492K, committed 46720K, reserved 425984K
}
Event: 508.548 GC heap after
{Heap after GC invocations=43 (full 7):
 def new generation   total 324288K, used 7759K [0x00000000a0000000, 0x00000000b5fd0000, 0x00000000c0000000)
  eden space 288320K,   0% used [0x00000000a0000000, 0x00000000a0000000, 0x00000000b1990000)
  from space 35968K,  21% used [0x00000000b1990000, 0x00000000b2123d80, 0x00000000b3cb0000)
  to   space 35968K,   0% used [0x00000000b3cb0000, 0x00000000b3cb0000, 0x00000000b5fd0000)
 tenured generation   total 719860K, used 534221K [0x00000000c0000000, 0x00000000ebefd000, 0x0000000100000000)
   the space 719860K,  74% used [0x00000000c0000000, 0x00000000e09b3418, 0x00000000e09b3600, 0x00000000ebefd000)
 Metaspace       used 373119K, committed 375872K, reserved 884736K
  class space    used 45492K, committed 46720K, reserved 425984K
}
Event: 508.883 GC heap before
{Heap before GC invocations=43 (full 7):
 def new generation   total 324288K, used 296079K [0x00000000a0000000, 0x00000000b5fd0000, 0x00000000c0000000)
  eden space 288320K, 100% used [0x00000000a0000000, 0x00000000b1990000, 0x00000000b1990000)
  from space 35968K,  21% used [0x00000000b1990000, 0x00000000b2123d80, 0x00000000b3cb0000)
  to   space 35968K,   0% used [0x00000000b3cb0000, 0x00000000b3cb0000, 0x00000000b5fd0000)
 tenured generation   total 719860K, used 534221K [0x00000000c0000000, 0x00000000ebefd000, 0x0000000100000000)
   the space 719860K,  74% used [0x00000000c0000000, 0x00000000e09b3418, 0x00000000e09b3600, 0x00000000ebefd000)
 Metaspace       used 373146K, committed 375872K, reserved 884736K
  class space    used 45492K, committed 46720K, reserved 425984K
}
Event: 508.900 GC heap after
{Heap after GC invocations=44 (full 7):
 def new generation   total 324288K, used 7421K [0x00000000a0000000, 0x00000000b5fd0000, 0x00000000c0000000)
  eden space 288320K,   0% used [0x00000000a0000000, 0x00000000a0000000, 0x00000000b1990000)
  from space 35968K,  20% used [0x00000000b3cb0000, 0x00000000b43ef4b0, 0x00000000b5fd0000)
  to   space 35968K,   0% used [0x00000000b1990000, 0x00000000b1990000, 0x00000000b3cb0000)
 tenured generation   total 719860K, used 534221K [0x00000000c0000000, 0x00000000ebefd000, 0x0000000100000000)
   the space 719860K,  74% used [0x00000000c0000000, 0x00000000e09b3418, 0x00000000e09b3600, 0x00000000ebefd000)
 Metaspace       used 373146K, committed 375872K, reserved 884736K
  class space    used 45492K, committed 46720K, reserved 425984K
}
Event: 509.127 GC heap before
{Heap before GC invocations=44 (full 7):
 def new generation   total 324288K, used 295741K [0x00000000a0000000, 0x00000000b5fd0000, 0x00000000c0000000)
  eden space 288320K, 100% used [0x00000000a0000000, 0x00000000b1990000, 0x00000000b1990000)
  from space 35968K,  20% used [0x00000000b3cb0000, 0x00000000b43ef4b0, 0x00000000b5fd0000)
  to   space 35968K,   0% used [0x00000000b1990000, 0x00000000b1990000, 0x00000000b3cb0000)
 tenured generation   total 719860K, used 534221K [0x00000000c0000000, 0x00000000ebefd000, 0x0000000100000000)
   the space 719860K,  74% used [0x00000000c0000000, 0x00000000e09b3418, 0x00000000e09b3600, 0x00000000ebefd000)
 Metaspace       used 373173K, committed 375872K, reserved 884736K
  class space    used 45492K, committed 46720K, reserved 425984K
}
Event: 509.140 GC heap after
{Heap after GC invocations=45 (full 7):
 def new generation   total 324288K, used 7404K [0x00000000a0000000, 0x00000000b5fd0000, 0x00000000c0000000)
  eden space 288320K,   0% used [0x00000000a0000000, 0x00000000a0000000, 0x00000000b1990000)
  from space 35968K,  20% used [0x00000000b1990000, 0x00000000b20cb288, 0x00000000b3cb0000)
  to   space 35968K,   0% used [0x00000000b3cb0000, 0x00000000b3cb0000, 0x00000000b5fd0000)
 tenured generation   total 719860K, used 534221K [0x00000000c0000000, 0x00000000ebefd000, 0x0000000100000000)
   the space 719860K,  74% used [0x00000000c0000000, 0x00000000e09b3418, 0x00000000e09b3600, 0x00000000ebefd000)
 Metaspace       used 373173K, committed 375872K, reserved 884736K
  class space    used 45492K, committed 46720K, reserved 425984K
}
Event: 514.066 GC heap before
{Heap before GC invocations=45 (full 7):
 def new generation   total 324288K, used 295724K [0x00000000a0000000, 0x00000000b5fd0000, 0x00000000c0000000)
  eden space 288320K, 100% used [0x00000000a0000000, 0x00000000b1990000, 0x00000000b1990000)
  from space 35968K,  20% used [0x00000000b1990000, 0x00000000b20cb288, 0x00000000b3cb0000)
  to   space 35968K,   0% used [0x00000000b3cb0000, 0x00000000b3cb0000, 0x00000000b5fd0000)
 tenured generation   total 719860K, used 534221K [0x00000000c0000000, 0x00000000ebefd000, 0x0000000100000000)
   the space 719860K,  74% used [0x00000000c0000000, 0x00000000e09b3418, 0x00000000e09b3600, 0x00000000ebefd000)
 Metaspace       used 375303K, committed 378048K, reserved 884736K
  class space    used 45660K, committed 46912K, reserved 425984K
}
Event: 514.145 GC heap after
{Heap after GC invocations=46 (full 7):
 def new generation   total 324288K, used 29209K [0x00000000a0000000, 0x00000000b5fd0000, 0x00000000c0000000)
  eden space 288320K,   0% used [0x00000000a0000000, 0x00000000a0000000, 0x00000000b1990000)
  from space 35968K,  81% used [0x00000000b3cb0000, 0x00000000b5936768, 0x00000000b5fd0000)
  to   space 35968K,   0% used [0x00000000b1990000, 0x00000000b1990000, 0x00000000b3cb0000)
 tenured generation   total 719860K, used 534221K [0x00000000c0000000, 0x00000000ebefd000, 0x0000000100000000)
   the space 719860K,  74% used [0x00000000c0000000, 0x00000000e09b3418, 0x00000000e09b3600, 0x00000000ebefd000)
 Metaspace       used 375303K, committed 378048K, reserved 884736K
  class space    used 45660K, committed 46912K, reserved 425984K
}
Event: 519.085 GC heap before
{Heap before GC invocations=46 (full 7):
 def new generation   total 324288K, used 317529K [0x00000000a0000000, 0x00000000b5fd0000, 0x00000000c0000000)
  eden space 288320K, 100% used [0x00000000a0000000, 0x00000000b1990000, 0x00000000b1990000)
  from space 35968K,  81% used [0x00000000b3cb0000, 0x00000000b5936768, 0x00000000b5fd0000)
  to   space 35968K,   0% used [0x00000000b1990000, 0x00000000b1990000, 0x00000000b3cb0000)
 tenured generation   total 719860K, used 534221K [0x00000000c0000000, 0x00000000ebefd000, 0x0000000100000000)
   the space 719860K,  74% used [0x00000000c0000000, 0x00000000e09b3418, 0x00000000e09b3600, 0x00000000ebefd000)
 Metaspace       used 380374K, committed 383104K, reserved 884736K
  class space    used 46039K, committed 47296K, reserved 425984K
}
Event: 519.180 GC heap after
{Heap after GC invocations=47 (full 7):
 def new generation   total 324288K, used 13119K [0x00000000a0000000, 0x00000000b5fd0000, 0x00000000c0000000)
  eden space 288320K,   0% used [0x00000000a0000000, 0x00000000a0000000, 0x00000000b1990000)
  from space 35968K,  36% used [0x00000000b1990000, 0x00000000b265fdd8, 0x00000000b3cb0000)
  to   space 35968K,   0% used [0x00000000b3cb0000, 0x00000000b3cb0000, 0x00000000b5fd0000)
 tenured generation   total 719860K, used 563313K [0x00000000c0000000, 0x00000000ebefd000, 0x0000000100000000)
   the space 719860K,  78% used [0x00000000c0000000, 0x00000000e261c410, 0x00000000e261c600, 0x00000000ebefd000)
 Metaspace       used 380374K, committed 383104K, reserved 884736K
  class space    used 46039K, committed 47296K, reserved 425984K
}
Event: 523.780 GC heap before
{Heap before GC invocations=47 (full 7):
 def new generation   total 324288K, used 301439K [0x00000000a0000000, 0x00000000b5fd0000, 0x00000000c0000000)
  eden space 288320K, 100% used [0x00000000a0000000, 0x00000000b1990000, 0x00000000b1990000)
  from space 35968K,  36% used [0x00000000b1990000, 0x00000000b265fdd8, 0x00000000b3cb0000)
  to   space 35968K,   0% used [0x00000000b3cb0000, 0x00000000b3cb0000, 0x00000000b5fd0000)
 tenured generation   total 719860K, used 563313K [0x00000000c0000000, 0x00000000ebefd000, 0x0000000100000000)
   the space 719860K,  78% used [0x00000000c0000000, 0x00000000e261c410, 0x00000000e261c600, 0x00000000ebefd000)
 Metaspace       used 398790K, committed 401472K, reserved 884736K
  class space    used 47805K, committed 49024K, reserved 425984K
}
Event: 523.919 GC heap after
{Heap after GC invocations=48 (full 7):
 def new generation   total 324288K, used 35968K [0x00000000a0000000, 0x00000000b5fd0000, 0x00000000c0000000)
  eden space 288320K,   0% used [0x00000000a0000000, 0x00000000a0000000, 0x00000000b1990000)
  from space 35968K, 100% used [0x00000000b3cb0000, 0x00000000b5fd0000, 0x00000000b5fd0000)
  to   space 35968K,   0% used [0x00000000b1990000, 0x00000000b1990000, 0x00000000b3cb0000)
 tenured generation   total 719860K, used 577766K [0x00000000c0000000, 0x00000000ebefd000, 0x0000000100000000)
   the space 719860K,  80% used [0x00000000c0000000, 0x00000000e3439ba8, 0x00000000e3439c00, 0x00000000ebefd000)
 Metaspace       used 398790K, committed 401472K, reserved 884736K
  class space    used 47805K, committed 49024K, reserved 425984K
}
Event: 528.222 GC heap before
{Heap before GC invocations=48 (full 7):
 def new generation   total 324288K, used 324288K [0x00000000a0000000, 0x00000000b5fd0000, 0x00000000c0000000)
  eden space 288320K, 100% used [0x00000000a0000000, 0x00000000b1990000, 0x00000000b1990000)
  from space 35968K, 100% used [0x00000000b3cb0000, 0x00000000b5fd0000, 0x00000000b5fd0000)
  to   space 35968K,   0% used [0x00000000b1990000, 0x00000000b1990000, 0x00000000b3cb0000)
 tenured generation   total 719860K, used 577766K [0x00000000c0000000, 0x00000000ebefd000, 0x0000000100000000)
   the space 719860K,  80% used [0x00000000c0000000, 0x00000000e3439ba8, 0x00000000e3439c00, 0x00000000ebefd000)
 Metaspace       used 408228K, committed 410944K, reserved 884736K
  class space    used 48535K, committed 49792K, reserved 425984K
}
Event: 528.322 GC heap after
{Heap after GC invocations=49 (full 7):
 def new generation   total 324288K, used 16065K [0x00000000a0000000, 0x00000000b5fd0000, 0x00000000c0000000)
  eden space 288320K,   0% used [0x00000000a0000000, 0x00000000a0000000, 0x00000000b1990000)
  from space 35968K,  44% used [0x00000000b1990000, 0x00000000b2940690, 0x00000000b3cb0000)
  to   space 35968K,   0% used [0x00000000b3cb0000, 0x00000000b3cb0000, 0x00000000b5fd0000)
 tenured generation   total 719860K, used 613207K [0x00000000c0000000, 0x00000000ebefd000, 0x0000000100000000)
   the space 719860K,  85% used [0x00000000c0000000, 0x00000000e56d5c68, 0x00000000e56d5e00, 0x00000000ebefd000)
 Metaspace       used 408228K, committed 410944K, reserved 884736K
  class space    used 48535K, committed 49792K, reserved 425984K
}
Event: 530.789 GC heap before
{Heap before GC invocations=49 (full 7):
 def new generation   total 324288K, used 304385K [0x00000000a0000000, 0x00000000b5fd0000, 0x00000000c0000000)
  eden space 288320K, 100% used [0x00000000a0000000, 0x00000000b1990000, 0x00000000b1990000)
  from space 35968K,  44% used [0x00000000b1990000, 0x00000000b2940690, 0x00000000b3cb0000)
  to   space 35968K,   0% used [0x00000000b3cb0000, 0x00000000b3cb0000, 0x00000000b5fd0000)
 tenured generation   total 719860K, used 613207K [0x00000000c0000000, 0x00000000ebefd000, 0x0000000100000000)
   the space 719860K,  85% used [0x00000000c0000000, 0x00000000e56d5c68, 0x00000000e56d5e00, 0x00000000ebefd000)
 Metaspace       used 409097K, committed 411840K, reserved 884736K
  class space    used 48556K, committed 49792K, reserved 425984K
}
Event: 530.856 GC heap after
{Heap after GC invocations=50 (full 7):
 def new generation   total 324288K, used 35968K [0x00000000a0000000, 0x00000000b5fd0000, 0x00000000c0000000)
  eden space 288320K,   0% used [0x00000000a0000000, 0x00000000a0000000, 0x00000000b1990000)
  from space 35968K, 100% used [0x00000000b3cb0000, 0x00000000b5fd0000, 0x00000000b5fd0000)
  to   space 35968K,   0% used [0x00000000b1990000, 0x00000000b1990000, 0x00000000b3cb0000)
 tenured generation   total 719860K, used 619609K [0x00000000c0000000, 0x00000000ebefd000, 0x0000000100000000)
   the space 719860K,  86% used [0x00000000c0000000, 0x00000000e5d16640, 0x00000000e5d16800, 0x00000000ebefd000)
 Metaspace       used 409097K, committed 411840K, reserved 884736K
  class space    used 48556K, committed 49792K, reserved 425984K
}
Event: 532.969 GC heap before
{Heap before GC invocations=50 (full 7):
 def new generation   total 324288K, used 324288K [0x00000000a0000000, 0x00000000b5fd0000, 0x00000000c0000000)
  eden space 288320K, 100% used [0x00000000a0000000, 0x00000000b1990000, 0x00000000b1990000)
  from space 35968K, 100% used [0x00000000b3cb0000, 0x00000000b5fd0000, 0x00000000b5fd0000)
  to   space 35968K,   0% used [0x00000000b1990000, 0x00000000b1990000, 0x00000000b3cb0000)
 tenured generation   total 719860K, used 619609K [0x00000000c0000000, 0x00000000ebefd000, 0x0000000100000000)
   the space 719860K,  86% used [0x00000000c0000000, 0x00000000e5d16640, 0x00000000e5d16800, 0x00000000ebefd000)
 Metaspace       used 409729K, committed 412416K, reserved 884736K
  class space    used 48575K, committed 49792K, reserved 425984K
}
Event: 533.058 GC heap after
{Heap after GC invocations=51 (full 7):
 def new generation   total 324288K, used 25277K [0x00000000a0000000, 0x00000000b5fd0000, 0x00000000c0000000)
  eden space 288320K,   0% used [0x00000000a0000000, 0x00000000a0000000, 0x00000000b1990000)
  from space 35968K,  70% used [0x00000000b1990000, 0x00000000b323f798, 0x00000000b3cb0000)
  to   space 35968K,   0% used [0x00000000b3cb0000, 0x00000000b3cb0000, 0x00000000b5fd0000)
 tenured generation   total 719860K, used 655107K [0x00000000c0000000, 0x00000000ebefd000, 0x0000000100000000)
   the space 719860K,  91% used [0x00000000c0000000, 0x00000000e7fc0cd0, 0x00000000e7fc0e00, 0x00000000ebefd000)
 Metaspace       used 409729K, committed 412416K, reserved 884736K
  class space    used 48575K, committed 49792K, reserved 425984K
}

