# JRE version: OpenJDK Runtime Environment Temurin-17.0.17+10 (17.0.17+10) (build 17.0.17+10)
# Java VM: OpenJDK 64-Bit Server VM Temurin-17.0.17+10 (17.0.17+10, mixed mode, sharing, tiered, compressed oops, compressed class ptrs, serial gc, windows-amd64)
GC Precious Log:
 CPUs: 12 total, 12 available
 Memory: 65404M
 Large Page Support: Disabled
 NUMA Support: Disabled
 Compressed Oops: Enabled (32-bit)
 Heap Min Capacity: 8M
 Heap Initial Capacity: 1022M
 Heap Max Capacity: 1536M
 Pre-touch: Disabled
Heap:
 def new generation   total 471872K, used 471871K [0x00000000a0000000, 0x00000000c0000000, 0x00000000c0000000)
  eden space 419456K, 100% used [0x00000000a0000000, 0x00000000b99a0000, 0x00000000b99a0000)
  from space 52416K,  99% used [0x00000000bccd0000, 0x00000000bfffff58, 0x00000000c0000000)
  to   space 52416K,   0% used [0x00000000b99a0000, 0x00000000b99a0000, 0x00000000bccd0000)
 tenured generation   total 1048576K, used 1048575K [0x00000000c0000000, 0x0000000100000000, 0x0000000100000000)
   the space 1048576K,  99% used [0x00000000c0000000, 0x00000000fffffff8, 0x0000000100000000, 0x0000000100000000)
 Metaspace       used 191211K, committed 193536K, reserved 688128K
  class space    used 26943K, committed 27968K, reserved 425984K
GC Heap History (20 events):
Event: 807.362 GC heap after
{Heap after GC invocations=183 (full 147):
 def new generation   total 471872K, used 89063K [0x00000000a0000000, 0x00000000c0000000, 0x00000000c0000000)
  eden space 419456K,  21% used [0x00000000a0000000, 0x00000000a56f9e98, 0x00000000b99a0000)
  from space 52416K,   0% used [0x00000000bccd0000, 0x00000000bccd0000, 0x00000000c0000000)
  to   space 52416K,   0% used [0x00000000b99a0000, 0x00000000b99a0000, 0x00000000bccd0000)
 tenured generation   total 1048576K, used 1048575K [0x00000000c0000000, 0x0000000100000000, 0x0000000100000000)
   the space 1048576K,  99% used [0x00000000c0000000, 0x00000000fffffff0, 0x0000000100000000, 0x0000000100000000)
 Metaspace       used 191144K, committed 193536K, reserved 688128K
  class space    used 26935K, committed 27968K, reserved 425984K
}
Event: 807.881 GC heap before
{Heap before GC invocations=183 (full 147):
 def new generation   total 471872K, used 471871K [0x00000000a0000000, 0x00000000c0000000, 0x00000000c0000000)
  eden space 419456K, 100% used [0x00000000a0000000, 0x00000000b99a0000, 0x00000000b99a0000)
  from space 52416K,  99% used [0x00000000bccd0000, 0x00000000bfffff40, 0x00000000c0000000)
  to   space 52416K,   0% used [0x00000000b99a0000, 0x00000000b99a0000, 0x00000000bccd0000)
 tenured generation   total 1048576K, used 1048575K [0x00000000c0000000, 0x0000000100000000, 0x0000000100000000)
   the space 1048576K,  99% used [0x00000000c0000000, 0x00000000fffffff0, 0x0000000100000000, 0x0000000100000000)
 Metaspace       used 191168K, committed 193536K, reserved 688128K
  class space    used 26936K, committed 27968K, reserved 425984K
}
Event: 810.326 GC heap after
{Heap after GC invocations=184 (full 148):
 def new generation   total 471872K, used 59977K [0x00000000a0000000, 0x00000000c0000000, 0x00000000c0000000)
  eden space 419456K,  14% used [0x00000000a0000000, 0x00000000a3a92698, 0x00000000b99a0000)
  from space 52416K,   0% used [0x00000000bccd0000, 0x00000000bccd0000, 0x00000000c0000000)
  to   space 52416K,   0% used [0x00000000b99a0000, 0x00000000b99a0000, 0x00000000bccd0000)
 tenured generation   total 1048576K, used 1048576K [0x00000000c0000000, 0x0000000100000000, 0x0000000100000000)
   the space 1048576K, 100% used [0x00000000c0000000, 0x0000000100000000, 0x0000000100000000, 0x0000000100000000)
 Metaspace       used 191168K, committed 193536K, reserved 688128K
  class space    used 26936K, committed 27968K, reserved 425984K
}
Event: 810.901 GC heap before
{Heap before GC invocations=184 (full 148):
 def new generation   total 471872K, used 471871K [0x00000000a0000000, 0x00000000c0000000, 0x00000000c0000000)
  eden space 419456K, 100% used [0x00000000a0000000, 0x00000000b99a0000, 0x00000000b99a0000)
  from space 52416K,  99% used [0x00000000bccd0000, 0x00000000bffffff0, 0x00000000c0000000)
  to   space 52416K,   0% used [0x00000000b99a0000, 0x00000000b99a0000, 0x00000000bccd0000)
 tenured generation   total 1048576K, used 1048576K [0x00000000c0000000, 0x0000000100000000, 0x0000000100000000)
   the space 1048576K, 100% used [0x00000000c0000000, 0x0000000100000000, 0x0000000100000000, 0x0000000100000000)
 Metaspace       used 191173K, committed 193536K, reserved 688128K
  class space    used 26937K, committed 27968K, reserved 425984K
}
Event: 812.961 GC heap after
{Heap after GC invocations=185 (full 149):
 def new generation   total 471872K, used 61608K [0x00000000a0000000, 0x00000000c0000000, 0x00000000c0000000)
  eden space 419456K,  14% used [0x00000000a0000000, 0x00000000a3c2a080, 0x00000000b99a0000)
  from space 52416K,   0% used [0x00000000bccd0000, 0x00000000bccd0000, 0x00000000c0000000)
  to   space 52416K,   0% used [0x00000000b99a0000, 0x00000000b99a0000, 0x00000000bccd0000)
 tenured generation   total 1048576K, used 1048576K [0x00000000c0000000, 0x0000000100000000, 0x0000000100000000)
   the space 1048576K, 100% used [0x00000000c0000000, 0x0000000100000000, 0x0000000100000000, 0x0000000100000000)
 Metaspace       used 191173K, committed 193536K, reserved 688128K
  class space    used 26937K, committed 27968K, reserved 425984K
}
Event: 813.473 GC heap before
{Heap before GC invocations=185 (full 149):
 def new generation   total 471872K, used 471871K [0x00000000a0000000, 0x00000000c0000000, 0x00000000c0000000)
  eden space 419456K, 100% used [0x00000000a0000000, 0x00000000b99a0000, 0x00000000b99a0000)
  from space 52416K,  99% used [0x00000000bccd0000, 0x00000000bffffff8, 0x00000000c0000000)
  to   space 52416K,   0% used [0x00000000b99a0000, 0x00000000b99a0000, 0x00000000bccd0000)
 tenured generation   total 1048576K, used 1048576K [0x00000000c0000000, 0x0000000100000000, 0x0000000100000000)
   the space 1048576K, 100% used [0x00000000c0000000, 0x0000000100000000, 0x0000000100000000, 0x0000000100000000)
 Metaspace       used 191182K, committed 193536K, reserved 688128K
  class space    used 26938K, committed 27968K, reserved 425984K
}
Event: 815.630 GC heap after
{Heap after GC invocations=186 (full 150):
 def new generation   total 471872K, used 63063K [0x00000000a0000000, 0x00000000c0000000, 0x00000000c0000000)
  eden space 419456K,  15% used [0x00000000a0000000, 0x00000000a3d95d98, 0x00000000b99a0000)
  from space 52416K,   0% used [0x00000000bccd0000, 0x00000000bccd0000, 0x00000000c0000000)
  to   space 52416K,   0% used [0x00000000b99a0000, 0x00000000b99a0000, 0x00000000bccd0000)
 tenured generation   total 1048576K, used 1048576K [0x00000000c0000000, 0x0000000100000000, 0x0000000100000000)
   the space 1048576K, 100% used [0x00000000c0000000, 0x0000000100000000, 0x0000000100000000, 0x0000000100000000)
 Metaspace       used 191182K, committed 193536K, reserved 688128K
  class space    used 26938K, committed 27968K, reserved 425984K
}
Event: 816.191 GC heap before
{Heap before GC invocations=186 (full 150):
 def new generation   total 471872K, used 471871K [0x00000000a0000000, 0x00000000c0000000, 0x00000000c0000000)
  eden space 419456K, 100% used [0x00000000a0000000, 0x00000000b99a0000, 0x00000000b99a0000)
  from space 52416K,  99% used [0x00000000bccd0000, 0x00000000bffffff8, 0x00000000c0000000)
  to   space 52416K,   0% used [0x00000000b99a0000, 0x00000000b99a0000, 0x00000000bccd0000)
 tenured generation   total 1048576K, used 1048576K [0x00000000c0000000, 0x0000000100000000, 0x0000000100000000)
   the space 1048576K, 100% used [0x00000000c0000000, 0x0000000100000000, 0x0000000100000000, 0x0000000100000000)
 Metaspace       used 191190K, committed 193536K, reserved 688128K
  class space    used 26939K, committed 27968K, reserved 425984K
}
Event: 818.350 GC heap after
{Heap after GC invocations=187 (full 151):
 def new generation   total 471872K, used 63818K [0x00000000a0000000, 0x00000000c0000000, 0x00000000c0000000)
  eden space 419456K,  15% used [0x00000000a0000000, 0x00000000a3e52840, 0x00000000b99a0000)
  from space 52416K,   0% used [0x00000000bccd0000, 0x00000000bccd0000, 0x00000000c0000000)
  to   space 52416K,   0% used [0x00000000b99a0000, 0x00000000b99a0000, 0x00000000bccd0000)
 tenured generation   total 1048576K, used 1048576K [0x00000000c0000000, 0x0000000100000000, 0x0000000100000000)
   the space 1048576K, 100% used [0x00000000c0000000, 0x0000000100000000, 0x0000000100000000, 0x0000000100000000)
 Metaspace       used 191190K, committed 193536K, reserved 688128K
  class space    used 26939K, committed 27968K, reserved 425984K
}
Event: 818.857 GC heap before
{Heap before GC invocations=187 (full 151):
 def new generation   total 471872K, used 471871K [0x00000000a0000000, 0x00000000c0000000, 0x00000000c0000000)
  eden space 419456K, 100% used [0x00000000a0000000, 0x00000000b99a0000, 0x00000000b99a0000)
  from space 52416K,  99% used [0x00000000bccd0000, 0x00000000bffffff0, 0x00000000c0000000)
  to   space 52416K,   0% used [0x00000000b99a0000, 0x00000000b99a0000, 0x00000000bccd0000)
 tenured generation   total 1048576K, used 1048576K [0x00000000c0000000, 0x0000000100000000, 0x0000000100000000)
   the space 1048576K, 100% used [0x00000000c0000000, 0x0000000100000000, 0x0000000100000000, 0x0000000100000000)
 Metaspace       used 191193K, committed 193536K, reserved 688128K
  class space    used 26939K, committed 27968K, reserved 425984K
}
Event: 821.064 GC heap after
{Heap after GC invocations=188 (full 152):
 def new generation   total 471872K, used 58085K [0x00000000a0000000, 0x00000000c0000000, 0x00000000c0000000)
  eden space 419456K,  13% used [0x00000000a0000000, 0x00000000a38b9490, 0x00000000b99a0000)
  from space 52416K,   0% used [0x00000000bccd0000, 0x00000000bccd0000, 0x00000000c0000000)
  to   space 52416K,   0% used [0x00000000b99a0000, 0x00000000b99a0000, 0x00000000bccd0000)
 tenured generation   total 1048576K, used 1048575K [0x00000000c0000000, 0x0000000100000000, 0x0000000100000000)
   the space 1048576K,  99% used [0x00000000c0000000, 0x00000000ffffffd8, 0x0000000100000000, 0x0000000100000000)
 Metaspace       used 191193K, committed 193536K, reserved 688128K
  class space    used 26939K, committed 27968K, reserved 425984K
}
Event: 821.569 GC heap before
{Heap before GC invocations=188 (full 152):
 def new generation   total 471872K, used 471871K [0x00000000a0000000, 0x00000000c0000000, 0x00000000c0000000)
  eden space 419456K, 100% used [0x00000000a0000000, 0x00000000b99a0000, 0x00000000b99a0000)
  from space 52416K,  99% used [0x00000000bccd0000, 0x00000000bfffffd8, 0x00000000c0000000)
  to   space 52416K,   0% used [0x00000000b99a0000, 0x00000000b99a0000, 0x00000000bccd0000)
 tenured generation   total 1048576K, used 1048575K [0x00000000c0000000, 0x0000000100000000, 0x0000000100000000)
   the space 1048576K,  99% used [0x00000000c0000000, 0x00000000ffffffd8, 0x0000000100000000, 0x0000000100000000)
 Metaspace       used 191196K, committed 193536K, reserved 688128K
  class space    used 26939K, committed 27968K, reserved 425984K
}
Event: 823.723 GC heap after
{Heap after GC invocations=189 (full 153):
 def new generation   total 471872K, used 59484K [0x00000000a0000000, 0x00000000c0000000, 0x00000000c0000000)
  eden space 419456K,  14% used [0x00000000a0000000, 0x00000000a3a17118, 0x00000000b99a0000)
  from space 52416K,   0% used [0x00000000bccd0000, 0x00000000bccd0000, 0x00000000c0000000)
  to   space 52416K,   0% used [0x00000000b99a0000, 0x00000000b99a0000, 0x00000000bccd0000)
 tenured generation   total 1048576K, used 1048575K [0x00000000c0000000, 0x0000000100000000, 0x0000000100000000)
   the space 1048576K,  99% used [0x00000000c0000000, 0x00000000ffffffd8, 0x0000000100000000, 0x0000000100000000)
 Metaspace       used 191196K, committed 193536K, reserved 688128K
  class space    used 26939K, committed 27968K, reserved 425984K
}
Event: 824.225 GC heap before
{Heap before GC invocations=189 (full 153):
 def new generation   total 471872K, used 471871K [0x00000000a0000000, 0x00000000c0000000, 0x00000000c0000000)
  eden space 419456K, 100% used [0x00000000a0000000, 0x00000000b99a0000, 0x00000000b99a0000)
  from space 52416K,  99% used [0x00000000bccd0000, 0x00000000bfffff68, 0x00000000c0000000)
  to   space 52416K,   0% used [0x00000000b99a0000, 0x00000000b99a0000, 0x00000000bccd0000)
 tenured generation   total 1048576K, used 1048575K [0x00000000c0000000, 0x0000000100000000, 0x0000000100000000)
   the space 1048576K,  99% used [0x00000000c0000000, 0x00000000ffffffd8, 0x0000000100000000, 0x0000000100000000)
 Metaspace       used 191197K, committed 193536K, reserved 688128K
  class space    used 26939K, committed 27968K, reserved 425984K
}
Event: 826.375 GC heap after
{Heap after GC invocations=190 (full 154):
 def new generation   total 471872K, used 60568K [0x00000000a0000000, 0x00000000c0000000, 0x00000000c0000000)
  eden space 419456K,  14% used [0x00000000a0000000, 0x00000000a3b26390, 0x00000000b99a0000)
  from space 52416K,   0% used [0x00000000bccd0000, 0x00000000bccd0000, 0x00000000c0000000)
  to   space 52416K,   0% used [0x00000000b99a0000, 0x00000000b99a0000, 0x00000000bccd0000)
 tenured generation   total 1048576K, used 1048575K [0x00000000c0000000, 0x0000000100000000, 0x0000000100000000)
   the space 1048576K,  99% used [0x00000000c0000000, 0x00000000ffffffd8, 0x0000000100000000, 0x0000000100000000)
 Metaspace       used 191197K, committed 193536K, reserved 688128K
  class space    used 26939K, committed 27968K, reserved 425984K
}
Event: 826.897 GC heap before
{Heap before GC invocations=190 (full 154):
 def new generation   total 471872K, used 471872K [0x00000000a0000000, 0x00000000c0000000, 0x00000000c0000000)
  eden space 419456K, 100% used [0x00000000a0000000, 0x00000000b99a0000, 0x00000000b99a0000)
  from space 52416K, 100% used [0x00000000bccd0000, 0x00000000c0000000, 0x00000000c0000000)
  to   space 52416K,   0% used [0x00000000b99a0000, 0x00000000b99a0000, 0x00000000bccd0000)
 tenured generation   total 1048576K, used 1048575K [0x00000000c0000000, 0x0000000100000000, 0x0000000100000000)
   the space 1048576K,  99% used [0x00000000c0000000, 0x00000000fffffff0, 0x0000000100000000, 0x0000000100000000)
 Metaspace       used 191202K, committed 193536K, reserved 688128K
  class space    used 26941K, committed 27968K, reserved 425984K
}
Event: 829.032 GC heap after
{Heap after GC invocations=191 (full 155):
 def new generation   total 471872K, used 62168K [0x00000000a0000000, 0x00000000c0000000, 0x00000000c0000000)
  eden space 419456K,  14% used [0x00000000a0000000, 0x00000000a3cb62a0, 0x00000000b99a0000)
  from space 52416K,   0% used [0x00000000bccd0000, 0x00000000bccd0000, 0x00000000c0000000)
  to   space 52416K,   0% used [0x00000000b99a0000, 0x00000000b99a0000, 0x00000000bccd0000)
 tenured generation   total 1048576K, used 1048575K [0x00000000c0000000, 0x0000000100000000, 0x0000000100000000)
   the space 1048576K,  99% used [0x00000000c0000000, 0x00000000fffffff0, 0x0000000100000000, 0x0000000100000000)
 Metaspace       used 191202K, committed 193536K, reserved 688128K
  class space    used 26941K, committed 27968K, reserved 425984K
}
Event: 829.527 GC heap before
{Heap before GC invocations=191 (full 155):
 def new generation   total 471872K, used 471871K [0x00000000a0000000, 0x00000000c0000000, 0x00000000c0000000)
  eden space 419456K, 100% used [0x00000000a0000000, 0x00000000b99a0000, 0x00000000b99a0000)
  from space 52416K,  99% used [0x00000000bccd0000, 0x00000000bffffff8, 0x00000000c0000000)
  to   space 52416K,   0% used [0x00000000b99a0000, 0x00000000b99a0000, 0x00000000bccd0000)
 tenured generation   total 1048576K, used 1048576K [0x00000000c0000000, 0x0000000100000000, 0x0000000100000000)
   the space 1048576K, 100% used [0x00000000c0000000, 0x0000000100000000, 0x0000000100000000, 0x0000000100000000)
 Metaspace       used 191207K, committed 193536K, reserved 688128K
  class space    used 26942K, committed 27968K, reserved 425984K
}
Event: 831.731 GC heap after
{Heap after GC invocations=192 (full 156):
 def new generation   total 471872K, used 59566K [0x00000000a0000000, 0x00000000c0000000, 0x00000000c0000000)
  eden space 419456K,  14% used [0x00000000a0000000, 0x00000000a3a2b850, 0x00000000b99a0000)
  from space 52416K,   0% used [0x00000000bccd0000, 0x00000000bccd0000, 0x00000000c0000000)
  to   space 52416K,   0% used [0x00000000b99a0000, 0x00000000b99a0000, 0x00000000bccd0000)
 tenured generation   total 1048576K, used 1048575K [0x00000000c0000000, 0x0000000100000000, 0x0000000100000000)
   the space 1048576K,  99% used [0x00000000c0000000, 0x00000000fffffff8, 0x0000000100000000, 0x0000000100000000)
 Metaspace       used 191207K, committed 193536K, reserved 688128K
  class space    used 26942K, committed 27968K, reserved 425984K
}
Event: 832.283 GC heap before
{Heap before GC invocations=192 (full 156):
 def new generation   total 471872K, used 471871K [0x00000000a0000000, 0x00000000c0000000, 0x00000000c0000000)
  eden space 419456K, 100% used [0x00000000a0000000, 0x00000000b99a0000, 0x00000000b99a0000)
  from space 52416K,  99% used [0x00000000bccd0000, 0x00000000bfffff58, 0x00000000c0000000)
  to   space 52416K,   0% used [0x00000000b99a0000, 0x00000000b99a0000, 0x00000000bccd0000)
 tenured generation   total 1048576K, used 1048575K [0x00000000c0000000, 0x0000000100000000, 0x0000000100000000)
   the space 1048576K,  99% used [0x00000000c0000000, 0x00000000fffffff8, 0x0000000100000000, 0x0000000100000000)
 Metaspace       used 191211K, committed 193536K, reserved 688128K
  class space    used 26943K, committed 27968K, reserved 425984K
}

