# JRE version: OpenJDK Runtime Environment Temurin-17.0.17+10 (17.0.17+10) (build 17.0.17+10)
# Java VM: OpenJDK 64-Bit Server VM Temurin-17.0.17+10 (17.0.17+10, mixed mode, sharing, tiered, compressed oops, compressed class ptrs, serial gc, windows-amd64)
GC Precious Log:
 CPUs: 12 total, 12 available
 Memory: 65404M
 Large Page Support: Disabled
 NUMA Support: Disabled
 Compressed Oops: Enabled (32-bit)
 Heap Min Capacity: 8M
 Heap Initial Capacity: 1022M
 Heap Max Capacity: 1536M
 Pre-touch: Disabled
Heap:
 def new generation   total 314176K, used 257951K [0x00000000a0000000, 0x00000000b54e0000, 0x00000000c0000000)
  eden space 279296K,  80% used [0x00000000a0000000, 0x00000000adc84de8, 0x00000000b10c0000)
  from space 34880K,  92% used [0x00000000b10c0000, 0x00000000b3022e60, 0x00000000b32d0000)
  to   space 34880K,   0% used [0x00000000b32d0000, 0x00000000b32d0000, 0x00000000b54e0000)
 tenured generation   total 697728K, used 50174K [0x00000000c0000000, 0x00000000ea960000, 0x0000000100000000)
   the space 697728K,   7% used [0x00000000c0000000, 0x00000000c30ffb88, 0x00000000c30ffc00, 0x00000000ea960000)
 Metaspace       used 86935K, committed 88064K, reserved 557056K
  class space    used 12027K, committed 12544K, reserved 425984K
GC Heap History (14 events):
Event: 2.669 GC heap before
{Heap before GC invocations=0 (full 0):
 def new generation   total 313920K, used 279040K [0x00000000a0000000, 0x00000000b54a0000, 0x00000000c0000000)
  eden space 279040K, 100% used [0x00000000a0000000, 0x00000000b1080000, 0x00000000b1080000)
  from space 34880K,   0% used [0x00000000b1080000, 0x00000000b1080000, 0x00000000b3290000)
  to   space 34880K,   0% used [0x00000000b3290000, 0x00000000b3290000, 0x00000000b54a0000)
 tenured generation   total 697728K, used 0K [0x00000000c0000000, 0x00000000ea960000, 0x0000000100000000)
   the space 697728K,   0% used [0x00000000c0000000, 0x00000000c0000000, 0x00000000c0000200, 0x00000000ea960000)
 Metaspace       used 20119K, committed 20544K, reserved 491520K
  class space    used 2920K, committed 3136K, reserved 425984K
}
Event: 2.705 GC heap after
{Heap after GC invocations=1 (full 0):
 def new generation   total 313920K, used 22275K [0x00000000a0000000, 0x00000000b54a0000, 0x00000000c0000000)
  eden space 279040K,   0% used [0x00000000a0000000, 0x00000000a0000000, 0x00000000b1080000)
  from space 34880K,  63% used [0x00000000b3290000, 0x00000000b4850d98, 0x00000000b54a0000)
  to   space 34880K,   0% used [0x00000000b1080000, 0x00000000b1080000, 0x00000000b3290000)
 tenured generation   total 697728K, used 0K [0x00000000c0000000, 0x00000000ea960000, 0x0000000100000000)
   the space 697728K,   0% used [0x00000000c0000000, 0x00000000c0000000, 0x00000000c0000200, 0x00000000ea960000)
 Metaspace       used 20119K, committed 20544K, reserved 491520K
  class space    used 2920K, committed 3136K, reserved 425984K
}
Event: 2.818 GC heap before
{Heap before GC invocations=1 (full 0):
 def new generation   total 313920K, used 39619K [0x00000000a0000000, 0x00000000b54a0000, 0x00000000c0000000)
  eden space 279040K,   6% used [0x00000000a0000000, 0x00000000a10f0230, 0x00000000b1080000)
  from space 34880K,  63% used [0x00000000b3290000, 0x00000000b4850d98, 0x00000000b54a0000)
  to   space 34880K,   0% used [0x00000000b1080000, 0x00000000b1080000, 0x00000000b3290000)
 tenured generation   total 697728K, used 0K [0x00000000c0000000, 0x00000000ea960000, 0x0000000100000000)
   the space 697728K,   0% used [0x00000000c0000000, 0x00000000c0000000, 0x00000000c0000200, 0x00000000ea960000)
 Metaspace       used 21140K, committed 21504K, reserved 491520K
  class space    used 3074K, committed 3264K, reserved 425984K
}
Event: 2.850 GC heap after
{Heap after GC invocations=2 (full 1):
 def new generation   total 314112K, used 0K [0x00000000a0000000, 0x00000000b54d0000, 0x00000000c0000000)
  eden space 279232K,   0% used [0x00000000a0000000, 0x00000000a0000000, 0x00000000b10b0000)
  from space 34880K,   0% used [0x00000000b10b0000, 0x00000000b10b0000, 0x00000000b32c0000)
  to   space 34880K,   0% used [0x00000000b32c0000, 0x00000000b32c0000, 0x00000000b54d0000)
 tenured generation   total 697728K, used 22577K [0x00000000c0000000, 0x00000000ea960000, 0x0000000100000000)
   the space 697728K,   3% used [0x00000000c0000000, 0x00000000c160c448, 0x00000000c160c600, 0x00000000ea960000)
 Metaspace       used 21140K, committed 21504K, reserved 491520K
  class space    used 3074K, committed 3264K, reserved 425984K
}
Event: 4.666 GC heap before
{Heap before GC invocations=2 (full 1):
 def new generation   total 314112K, used 143098K [0x00000000a0000000, 0x00000000b54d0000, 0x00000000c0000000)
  eden space 279232K,  51% used [0x00000000a0000000, 0x00000000a8bbe988, 0x00000000b10b0000)
  from space 34880K,   0% used [0x00000000b10b0000, 0x00000000b10b0000, 0x00000000b32c0000)
  to   space 34880K,   0% used [0x00000000b32c0000, 0x00000000b32c0000, 0x00000000b54d0000)
 tenured generation   total 697728K, used 22577K [0x00000000c0000000, 0x00000000ea960000, 0x0000000100000000)
   the space 697728K,   3% used [0x00000000c0000000, 0x00000000c160c448, 0x00000000c160c600, 0x00000000ea960000)
 Metaspace       used 35410K, committed 35840K, reserved 491520K
  class space    used 4897K, committed 5056K, reserved 425984K
}
Event: 4.743 GC heap after
{Heap after GC invocations=3 (full 2):
 def new generation   total 314112K, used 0K [0x00000000a0000000, 0x00000000b54d0000, 0x00000000c0000000)
  eden space 279232K,   0% used [0x00000000a0000000, 0x00000000a0000000, 0x00000000b10b0000)
  from space 34880K,   0% used [0x00000000b10b0000, 0x00000000b10b0000, 0x00000000b32c0000)
  to   space 34880K,   0% used [0x00000000b32c0000, 0x00000000b32c0000, 0x00000000b54d0000)
 tenured generation   total 697728K, used 31430K [0x00000000c0000000, 0x00000000ea960000, 0x0000000100000000)
   the space 697728K,   4% used [0x00000000c0000000, 0x00000000c1eb1ba0, 0x00000000c1eb1c00, 0x00000000ea960000)
 Metaspace       used 35410K, committed 35840K, reserved 491520K
  class space    used 4897K, committed 5056K, reserved 425984K
}
Event: 7.384 GC heap before
{Heap before GC invocations=3 (full 2):
 def new generation   total 314112K, used 279232K [0x00000000a0000000, 0x00000000b54d0000, 0x00000000c0000000)
  eden space 279232K, 100% used [0x00000000a0000000, 0x00000000b10b0000, 0x00000000b10b0000)
  from space 34880K,   0% used [0x00000000b10b0000, 0x00000000b10b0000, 0x00000000b32c0000)
  to   space 34880K,   0% used [0x00000000b32c0000, 0x00000000b32c0000, 0x00000000b54d0000)
 tenured generation   total 697728K, used 31430K [0x00000000c0000000, 0x00000000ea960000, 0x0000000100000000)
   the space 697728K,   4% used [0x00000000c0000000, 0x00000000c1eb1ba0, 0x00000000c1eb1c00, 0x00000000ea960000)
 Metaspace       used 55088K, committed 55744K, reserved 491520K
  class space    used 7729K, committed 8000K, reserved 425984K
}
Event: 7.410 GC heap after
{Heap after GC invocations=4 (full 2):
 def new generation   total 314112K, used 17046K [0x00000000a0000000, 0x00000000b54d0000, 0x00000000c0000000)
  eden space 279232K,   0% used [0x00000000a0000000, 0x00000000a0000000, 0x00000000b10b0000)
  from space 34880K,  48% used [0x00000000b32c0000, 0x00000000b4365898, 0x00000000b54d0000)
  to   space 34880K,   0% used [0x00000000b10b0000, 0x00000000b10b0000, 0x00000000b32c0000)
 tenured generation   total 697728K, used 31430K [0x00000000c0000000, 0x00000000ea960000, 0x0000000100000000)
   the space 697728K,   4% used [0x00000000c0000000, 0x00000000c1eb1ba0, 0x00000000c1eb1c00, 0x00000000ea960000)
 Metaspace       used 55088K, committed 55744K, reserved 491520K
  class space    used 7729K, committed 8000K, reserved 425984K
}
Event: 7.833 GC heap before
{Heap before GC invocations=4 (full 2):
 def new generation   total 314112K, used 68828K [0x00000000a0000000, 0x00000000b54d0000, 0x00000000c0000000)
  eden space 279232K,  18% used [0x00000000a0000000, 0x00000000a3291910, 0x00000000b10b0000)
  from space 34880K,  48% used [0x00000000b32c0000, 0x00000000b4365898, 0x00000000b54d0000)
  to   space 34880K,   0% used [0x00000000b10b0000, 0x00000000b10b0000, 0x00000000b32c0000)
 tenured generation   total 697728K, used 31430K [0x00000000c0000000, 0x00000000ea960000, 0x0000000100000000)
   the space 697728K,   4% used [0x00000000c0000000, 0x00000000c1eb1ba0, 0x00000000c1eb1c00, 0x00000000ea960000)
 Metaspace       used 59111K, committed 59776K, reserved 491520K
  class space    used 8275K, committed 8576K, reserved 425984K
}
Event: 7.934 GC heap after
{Heap after GC invocations=5 (full 3):
 def new generation   total 314176K, used 0K [0x00000000a0000000, 0x00000000b54e0000, 0x00000000c0000000)
  eden space 279296K,   0% used [0x00000000a0000000, 0x00000000a0000000, 0x00000000b10c0000)
  from space 34880K,   0% used [0x00000000b10c0000, 0x00000000b10c0000, 0x00000000b32d0000)
  to   space 34880K,   0% used [0x00000000b32d0000, 0x00000000b32d0000, 0x00000000b54e0000)
 tenured generation   total 697728K, used 50174K [0x00000000c0000000, 0x00000000ea960000, 0x0000000100000000)
   the space 697728K,   7% used [0x00000000c0000000, 0x00000000c30ffb88, 0x00000000c30ffc00, 0x00000000ea960000)
 Metaspace       used 59111K, committed 59776K, reserved 491520K
  class space    used 8275K, committed 8576K, reserved 425984K
}
Event: 10.313 GC heap before
{Heap before GC invocations=5 (full 3):
 def new generation   total 314176K, used 279296K [0x00000000a0000000, 0x00000000b54e0000, 0x00000000c0000000)
  eden space 279296K, 100% used [0x00000000a0000000, 0x00000000b10c0000, 0x00000000b10c0000)
  from space 34880K,   0% used [0x00000000b10c0000, 0x00000000b10c0000, 0x00000000b32d0000)
  to   space 34880K,   0% used [0x00000000b32d0000, 0x00000000b32d0000, 0x00000000b54e0000)
 tenured generation   total 697728K, used 50174K [0x00000000c0000000, 0x00000000ea960000, 0x0000000100000000)
   the space 697728K,   7% used [0x00000000c0000000, 0x00000000c30ffb88, 0x00000000c30ffc00, 0x00000000ea960000)
 Metaspace       used 73448K, committed 74432K, reserved 491520K
  class space    used 10284K, committed 10752K, reserved 425984K
}
Event: 10.354 GC heap after
{Heap after GC invocations=6 (full 3):
 def new generation   total 314176K, used 13485K [0x00000000a0000000, 0x00000000b54e0000, 0x00000000c0000000)
  eden space 279296K,   0% used [0x00000000a0000000, 0x00000000a0000000, 0x00000000b10c0000)
  from space 34880K,  38% used [0x00000000b32d0000, 0x00000000b3ffb7a8, 0x00000000b54e0000)
  to   space 34880K,   0% used [0x00000000b10c0000, 0x00000000b10c0000, 0x00000000b32d0000)
 tenured generation   total 697728K, used 50174K [0x00000000c0000000, 0x00000000ea960000, 0x0000000100000000)
   the space 697728K,   7% used [0x00000000c0000000, 0x00000000c30ffb88, 0x00000000c30ffc00, 0x00000000ea960000)
 Metaspace       used 73448K, committed 74432K, reserved 491520K
  class space    used 10284K, committed 10752K, reserved 425984K
}
Event: 14.396 GC heap before
{Heap before GC invocations=6 (full 3):
 def new generation   total 314176K, used 292781K [0x00000000a0000000, 0x00000000b54e0000, 0x00000000c0000000)
  eden space 279296K, 100% used [0x00000000a0000000, 0x00000000b10c0000, 0x00000000b10c0000)
  from space 34880K,  38% used [0x00000000b32d0000, 0x00000000b3ffb7a8, 0x00000000b54e0000)
  to   space 34880K,   0% used [0x00000000b10c0000, 0x00000000b10c0000, 0x00000000b32d0000)
 tenured generation   total 697728K, used 50174K [0x00000000c0000000, 0x00000000ea960000, 0x0000000100000000)
   the space 697728K,   7% used [0x00000000c0000000, 0x00000000c30ffb88, 0x00000000c30ffc00, 0x00000000ea960000)
 Metaspace       used 82024K, committed 83072K, reserved 557056K
  class space    used 11446K, committed 11904K, reserved 425984K
}
Event: 14.476 GC heap after
{Heap after GC invocations=7 (full 3):
 def new generation   total 314176K, used 32139K [0x00000000a0000000, 0x00000000b54e0000, 0x00000000c0000000)
  eden space 279296K,   0% used [0x00000000a0000000, 0x00000000a0000000, 0x00000000b10c0000)
  from space 34880K,  92% used [0x00000000b10c0000, 0x00000000b3022e60, 0x00000000b32d0000)
  to   space 34880K,   0% used [0x00000000b32d0000, 0x00000000b32d0000, 0x00000000b54e0000)
 tenured generation   total 697728K, used 50174K [0x00000000c0000000, 0x00000000ea960000, 0x0000000100000000)
   the space 697728K,   7% used [0x00000000c0000000, 0x00000000c30ffb88, 0x00000000c30ffc00, 0x00000000ea960000)
 Metaspace       used 82024K, committed 83072K, reserved 557056K
  class space    used 11446K, committed 11904K, reserved 425984K
}

